execute: Command{action=Command::SetUnsaved, file='/home/hugo/git/suckless/dwm/config.def.h', unsavedFile='/home/hugo/.emacs.d/tmp/irony-unsaved-SMUtYm', dir='', line=0, column=0, prefix='', caseStyle='exact', flags=[], opt=off}
execute: Command{action=Command::Complete, file='/home/hugo/git/suckless/dwm/config.def.h', unsavedFile='', dir='', line=75, column=14, prefix='', caseStyle='exact', flags=['-x', 'c'], opt=off}
execute: Command{action=Command::Candidates, file='', unsavedFile='', dir='', line=0, column=0, prefix='', caseStyle='exact', flags=[], opt=off}
execute: Command{action=Command::SetUnsaved, file='/home/hugo/git/suckless/dwm/config.def.h', unsavedFile='/home/hugo/.emacs.d/tmp/irony-unsaved-opVc7w', dir='', line=0, column=0, prefix='', caseStyle='exact', flags=[], opt=off}
execute: Command{action=Command::Complete, file='/home/hugo/git/suckless/dwm/config.def.h', unsavedFile='', dir='', line=76, column=15, prefix='', caseStyle='exact', flags=['-x', 'c'], opt=off}
execute: Command{action=Command::Candidates, file='', unsavedFile='', dir='', line=0, column=0, prefix='', caseStyle='exact', flags=[], opt=off}
execute: Command{action=Command::SetUnsaved, file='/home/hugo/git/suckless/dwm/config.def.h', unsavedFile='/home/hugo/.emacs.d/tmp/irony-unsaved-24oVz1', dir='', line=0, column=0, prefix='', caseStyle='exact', flags=[], opt=off}
execute: Command{action=Command::Complete, file='/home/hugo/git/suckless/dwm/config.def.h', unsavedFile='', dir='', line=77, column=11, prefix='', caseStyle='exact', flags=['-x', 'c'], opt=off}
execute: Command{action=Command::Candidates, file='', unsavedFile='', dir='', line=0, column=0, prefix='', caseStyle='exact', flags=[], opt=off}
execute: Command{action=Command::SetUnsaved, file='/home/hugo/git/suckless/dwm/config.def.h', unsavedFile='/home/hugo/.emacs.d/tmp/irony-unsaved-oWWcs3', dir='', line=0, column=0, prefix='', caseStyle='exact', flags=[], opt=off}
execute: Command{action=Command::Complete, file='/home/hugo/git/suckless/dwm/config.def.h', unsavedFile='', dir='', line=77, column=12, prefix='', caseStyle='exact', flags=['-x', 'c'], opt=off}
execute: Command{action=Command::Candidates, file='', unsavedFile='', dir='', line=0, column=0, prefix='', caseStyle='exact', flags=[], opt=off}
execute: Command{action=Command::SetUnsaved, file='/home/hugo/git/suckless/dwm/config.def.h', unsavedFile='/home/hugo/.emacs.d/tmp/irony-unsaved-9c3UJr', dir='', line=0, column=0, prefix='', caseStyle='exact', flags=[], opt=off}
execute: Command{action=Command::Complete, file='/home/hugo/git/suckless/dwm/config.def.h', unsavedFile='', dir='', line=78, column=28, prefix='', caseStyle='exact', flags=['-x', 'c'], opt=off}
execute: Command{action=Command::Candidates, file='', unsavedFile='', dir='', line=0, column=0, prefix='', caseStyle='exact', flags=[], opt=off}
execute: Command{action=Command::ResetUnsaved, file='/home/hugo/git/suckless/dwm/config.def.h', unsavedFile='', dir='', line=0, column=0, prefix='', caseStyle='exact', flags=[], opt=off}
execute: Command{action=Command::Parse, file='/home/hugo/git/suckless/dwm/gaplessgrid.c', unsavedFile='', dir='', line=0, column=0, prefix='', caseStyle='exact', flags=['-x', 'c'], opt=off}
execute: Command{action=Command::Diagnostics, file='', unsavedFile='', dir='', line=0, column=0, prefix='', caseStyle='exact', flags=[], opt=off}
execute: Command{action=Command::Complete, file='/home/hugo/git/suckless/dwm/gaplessgrid.c', unsavedFile='', dir='', line=2, column=1, prefix='', caseStyle='exact', flags=['-x', 'c'], opt=off}
execute: Command{action=Command::Candidates, file='', unsavedFile='', dir='', line=0, column=0, prefix='', caseStyle='exact', flags=[], opt=off}
execute: Command{action=Command::SetUnsaved, file='/home/hugo/git/suckless/dwm/config.def.h', unsavedFile='/home/hugo/.emacs.d/tmp/irony-unsaved-aDyM1p', dir='', line=0, column=0, prefix='', caseStyle='exact', flags=[], opt=off}
execute: Command{action=Command::Parse, file='/home/hugo/git/suckless/dwm/config.def.h', unsavedFile='', dir='', line=0, column=0, prefix='', caseStyle='exact', flags=['-x', 'c'], opt=off}
execute: Command{action=Command::Diagnostics, file='', unsavedFile='', dir='', line=0, column=0, prefix='', caseStyle='exact', flags=[], opt=off}
execute: Command{action=Command::SetUnsaved, file='/home/hugo/git/suckless/dwm/config.def.h', unsavedFile='/home/hugo/.emacs.d/tmp/irony-unsaved-ODVD8t', dir='', line=0, column=0, prefix='', caseStyle='exact', flags=[], opt=off}
execute: Command{action=Command::Parse, file='/home/hugo/git/suckless/dwm/config.def.h', unsavedFile='', dir='', line=0, column=0, prefix='', caseStyle='exact', flags=['-x', 'c'], opt=off}
execute: Command{action=Command::Diagnostics, file='', unsavedFile='', dir='', line=0, column=0, prefix='', caseStyle='exact', flags=[], opt=off}
execute: Command{action=Command::ResetUnsaved, file='/home/hugo/git/suckless/dwm/config.def.h', unsavedFile='', dir='', line=0, column=0, prefix='', caseStyle='exact', flags=[], opt=off}
execute: Command{action=Command::Parse, file='/home/hugo/git/suckless/dwm/config.def.h', unsavedFile='', dir='', line=0, column=0, prefix='', caseStyle='exact', flags=['-x', 'c'], opt=off}
execute: Command{action=Command::Diagnostics, file='', unsavedFile='', dir='', line=0, column=0, prefix='', caseStyle='exact', flags=[], opt=off}
execute: Command{action=Command::SetUnsaved, file='/home/hugo/git/suckless/dwm/layouts.c', unsavedFile='/home/hugo/.emacs.d/tmp/irony-unsaved-v5XntZ', dir='', line=0, column=0, prefix='', caseStyle='exact', flags=[], opt=off}
execute: Command{action=Command::Parse, file='/home/hugo/git/suckless/dwm/layouts.c', unsavedFile='', dir='', line=0, column=0, prefix='', caseStyle='exact', flags=['-x', 'c'], opt=off}
execute: Command{action=Command::Diagnostics, file='', unsavedFile='', dir='', line=0, column=0, prefix='', caseStyle='exact', flags=[], opt=off}
execute: Command{action=Command::ResetUnsaved, file='/home/hugo/git/suckless/dwm/layouts.c', unsavedFile='', dir='', line=0, column=0, prefix='', caseStyle='exact', flags=[], opt=off}
execute: Command{action=Command::Parse, file='/home/hugo/git/suckless/dwm/layouts.c', unsavedFile='', dir='', line=0, column=0, prefix='', caseStyle='exact', flags=['-x', 'c'], opt=off}
execute: Command{action=Command::Diagnostics, file='', unsavedFile='', dir='', line=0, column=0, prefix='', caseStyle='exact', flags=[], opt=off}
execute: Command{action=Command::SetUnsaved, file='/home/hugo/git/suckless/dwm/layouts.c', unsavedFile='/home/hugo/.emacs.d/tmp/irony-unsaved-dSDn42', dir='', line=0, column=0, prefix='', caseStyle='exact', flags=[], opt=off}
execute: Command{action=Command::Parse, file='/home/hugo/git/suckless/dwm/layouts.c', unsavedFile='', dir='', line=0, column=0, prefix='', caseStyle='exact', flags=['-x', 'c'], opt=off}
execute: Command{action=Command::Diagnostics, file='', unsavedFile='', dir='', line=0, column=0, prefix='', caseStyle='exact', flags=[], opt=off}
execute: Command{action=Command::SetUnsaved, file='/home/hugo/git/suckless/dwm/layouts.c', unsavedFile='/home/hugo/.emacs.d/tmp/irony-unsaved-FVMC3X', dir='', line=0, column=0, prefix='', caseStyle='exact', flags=[], opt=off}
execute: Command{action=Command::Parse, file='/home/hugo/git/suckless/dwm/layouts.c', unsavedFile='', dir='', line=0, column=0, prefix='', caseStyle='exact', flags=['-x', 'c'], opt=off}
execute: Command{action=Command::Diagnostics, file='', unsavedFile='', dir='', line=0, column=0, prefix='', caseStyle='exact', flags=[], opt=off}
execute: Command{action=Command::ResetUnsaved, file='/home/hugo/git/suckless/dwm/layouts.c', unsavedFile='', dir='', line=0, column=0, prefix='', caseStyle='exact', flags=[], opt=off}
execute: Command{action=Command::Parse, file='/home/hugo/git/suckless/dwm/layouts.c', unsavedFile='', dir='', line=0, column=0, prefix='', caseStyle='exact', flags=['-x', 'c'], opt=off}
execute: Command{action=Command::Diagnostics, file='', unsavedFile='', dir='', line=0, column=0, prefix='', caseStyle='exact', flags=[], opt=off}
execute: Command{action=Command::SetUnsaved, file='/home/hugo/git/suckless/dwm/config.def.h', unsavedFile='/home/hugo/.emacs.d/tmp/irony-unsaved-FcAiNn', dir='', line=0, column=0, prefix='', caseStyle='exact', flags=[], opt=off}
execute: Command{action=Command::Parse, file='/home/hugo/git/suckless/dwm/config.def.h', unsavedFile='', dir='', line=0, column=0, prefix='', caseStyle='exact', flags=['-x', 'c'], opt=off}
execute: Command{action=Command::Diagnostics, file='', unsavedFile='', dir='', line=0, column=0, prefix='', caseStyle='exact', flags=[], opt=off}
execute: Command{action=Command::SetUnsaved, file='/home/hugo/git/suckless/dwm/config.def.h', unsavedFile='/home/hugo/.emacs.d/tmp/irony-unsaved-PNSCxW', dir='', line=0, column=0, prefix='', caseStyle='exact', flags=[], opt=off}
execute: Command{action=Command::Parse, file='/home/hugo/git/suckless/dwm/config.def.h', unsavedFile='', dir='', line=0, column=0, prefix='', caseStyle='exact', flags=['-x', 'c'], opt=off}
execute: Command{action=Command::Diagnostics, file='', unsavedFile='', dir='', line=0, column=0, prefix='', caseStyle='exact', flags=[], opt=off}
execute: Command{action=Command::SetUnsaved, file='/home/hugo/git/suckless/dwm/config.def.h', unsavedFile='/home/hugo/.emacs.d/tmp/irony-unsaved-fF5h1T', dir='', line=0, column=0, prefix='', caseStyle='exact', flags=[], opt=off}
execute: Command{action=Command::Parse, file='/home/hugo/git/suckless/dwm/config.def.h', unsavedFile='', dir='', line=0, column=0, prefix='', caseStyle='exact', flags=['-x', 'c'], opt=off}
execute: Command{action=Command::Diagnostics, file='', unsavedFile='', dir='', line=0, column=0, prefix='', caseStyle='exact', flags=[], opt=off}
execute: Command{action=Command::SetUnsaved, file='/home/hugo/git/suckless/dwm/config.def.h', unsavedFile='/home/hugo/.emacs.d/tmp/irony-unsaved-6q6jo6', dir='', line=0, column=0, prefix='', caseStyle='exact', flags=[], opt=off}
execute: Command{action=Command::Parse, file='/home/hugo/git/suckless/dwm/config.def.h', unsavedFile='', dir='', line=0, column=0, prefix='', caseStyle='exact', flags=['-x', 'c'], opt=off}
execute: Command{action=Command::Diagnostics, file='', unsavedFile='', dir='', line=0, column=0, prefix='', caseStyle='exact', flags=[], opt=off}
execute: Command{action=Command::SetUnsaved, file='/home/hugo/git/suckless/dwm/config.def.h', unsavedFile='/home/hugo/.emacs.d/tmp/irony-unsaved-CPaWU3', dir='', line=0, column=0, prefix='', caseStyle='exact', flags=[], opt=off}
execute: Command{action=Command::Parse, file='/home/hugo/git/suckless/dwm/config.def.h', unsavedFile='', dir='', line=0, column=0, prefix='', caseStyle='exact', flags=['-x', 'c'], opt=off}
execute: Command{action=Command::Diagnostics, file='', unsavedFile='', dir='', line=0, column=0, prefix='', caseStyle='exact', flags=[], opt=off}
execute: Command{action=Command::SetUnsaved, file='/home/hugo/git/suckless/dwm/config.def.h', unsavedFile='/home/hugo/.emacs.d/tmp/irony-unsaved-tmkDy4', dir='', line=0, column=0, prefix='', caseStyle='exact', flags=[], opt=off}
execute: Command{action=Command::Parse, file='/home/hugo/git/suckless/dwm/config.def.h', unsavedFile='', dir='', line=0, column=0, prefix='', caseStyle='exact', flags=['-x', 'c'], opt=off}
execute: Command{action=Command::Diagnostics, file='', unsavedFile='', dir='', line=0, column=0, prefix='', caseStyle='exact', flags=[], opt=off}
execute: Command{action=Command::Complete, file='/home/hugo/git/suckless/dwm/config.def.h', unsavedFile='', dir='', line=79, column=28, prefix='', caseStyle='exact', flags=['-x', 'c'], opt=off}
execute: Command{action=Command::Candidates, file='', unsavedFile='', dir='', line=0, column=0, prefix='', caseStyle='exact', flags=[], opt=off}
execute: Command{action=Command::SetUnsaved, file='/home/hugo/git/suckless/dwm/config.def.h', unsavedFile='/home/hugo/.emacs.d/tmp/irony-unsaved-2HZrot', dir='', line=0, column=0, prefix='', caseStyle='exact', flags=[], opt=off}
execute: Command{action=Command::Parse, file='/home/hugo/git/suckless/dwm/config.def.h', unsavedFile='', dir='', line=0, column=0, prefix='', caseStyle='exact', flags=['-x', 'c'], opt=off}
execute: Command{action=Command::Diagnostics, file='', unsavedFile='', dir='', line=0, column=0, prefix='', caseStyle='exact', flags=[], opt=off}
execute: Command{action=Command::ResetUnsaved, file='/home/hugo/git/suckless/dwm/config.def.h', unsavedFile='', dir='', line=0, column=0, prefix='', caseStyle='exact', flags=[], opt=off}
execute: Command{action=Command::Parse, file='/home/hugo/git/suckless/dwm/config.def.h', unsavedFile='', dir='', line=0, column=0, prefix='', caseStyle='exact', flags=['-x', 'c'], opt=off}
execute: Command{action=Command::Diagnostics, file='', unsavedFile='', dir='', line=0, column=0, prefix='', caseStyle='exact', flags=[], opt=off}
execute: Command{action=Command::Complete, file='/home/hugo/git/suckless/dwm/config.def.h', unsavedFile='', dir='', line=80, column=28, prefix='', caseStyle='exact', flags=['-x', 'c'], opt=off}
execute: Command{action=Command::Candidates, file='', unsavedFile='', dir='', line=0, column=0, prefix='', caseStyle='exact', flags=[], opt=off}
execute: Command{action=Command::Complete, file='/home/hugo/git/suckless/dwm/config.def.h', unsavedFile='', dir='', line=151, column=46, prefix='', caseStyle='exact', flags=['-x', 'c'], opt=off}
execute: Command{action=Command::Candidates, file='', unsavedFile='', dir='', line=0, column=0, prefix='', caseStyle='exact', flags=[], opt=off}
execute: Command{action=Command::Complete, file='/home/hugo/git/suckless/dwm/config.def.h', unsavedFile='', dir='', line=153, column=42, prefix='', caseStyle='exact', flags=['-x', 'c'], opt=off}
execute: Command{action=Command::Candidates, file='', unsavedFile='', dir='', line=0, column=0, prefix='', caseStyle='exact', flags=[], opt=off}
execute: Command{action=Command::SetUnsaved, file='/home/hugo/git/suckless/dwm/config.def.h', unsavedFile='/home/hugo/.emacs.d/tmp/irony-unsaved-WuXlXd', dir='', line=0, column=0, prefix='', caseStyle='exact', flags=[], opt=off}
execute: Command{action=Command::Parse, file='/home/hugo/git/suckless/dwm/config.def.h', unsavedFile='', dir='', line=0, column=0, prefix='', caseStyle='exact', flags=['-x', 'c'], opt=off}
execute: Command{action=Command::Diagnostics, file='', unsavedFile='', dir='', line=0, column=0, prefix='', caseStyle='exact', flags=[], opt=off}
execute: Command{action=Command::SetUnsaved, file='/home/hugo/git/suckless/dwm/config.def.h', unsavedFile='/home/hugo/.emacs.d/tmp/irony-unsaved-hArhxY', dir='', line=0, column=0, prefix='', caseStyle='exact', flags=[], opt=off}
execute: Command{action=Command::Parse, file='/home/hugo/git/suckless/dwm/config.def.h', unsavedFile='', dir='', line=0, column=0, prefix='', caseStyle='exact', flags=['-x', 'c'], opt=off}
execute: Command{action=Command::Diagnostics, file='', unsavedFile='', dir='', line=0, column=0, prefix='', caseStyle='exact', flags=[], opt=off}
execute: Command{action=Command::SetUnsaved, file='/home/hugo/git/suckless/dwm/config.def.h', unsavedFile='/home/hugo/.emacs.d/tmp/irony-unsaved-nnnKn7', dir='', line=0, column=0, prefix='', caseStyle='exact', flags=[], opt=off}
execute: Command{action=Command::Parse, file='/home/hugo/git/suckless/dwm/config.def.h', unsavedFile='', dir='', line=0, column=0, prefix='', caseStyle='exact', flags=['-x', 'c'], opt=off}
execute: Command{action=Command::Diagnostics, file='', unsavedFile='', dir='', line=0, column=0, prefix='', caseStyle='exact', flags=[], opt=off}
execute: Command{action=Command::SetUnsaved, file='/home/hugo/git/suckless/dwm/config.def.h', unsavedFile='/home/hugo/.emacs.d/tmp/irony-unsaved-H4dMwl', dir='', line=0, column=0, prefix='', caseStyle='exact', flags=[], opt=off}
execute: Command{action=Command::Parse, file='/home/hugo/git/suckless/dwm/config.def.h', unsavedFile='', dir='', line=0, column=0, prefix='', caseStyle='exact', flags=['-x', 'c'], opt=off}
execute: Command{action=Command::Diagnostics, file='', unsavedFile='', dir='', line=0, column=0, prefix='', caseStyle='exact', flags=[], opt=off}
execute: Command{action=Command::Complete, file='/home/hugo/git/suckless/dwm/config.def.h', unsavedFile='', dir='', line=152, column=69, prefix='', caseStyle='exact', flags=['-x', 'c'], opt=off}
execute: Command{action=Command::Candidates, file='', unsavedFile='', dir='', line=0, column=0, prefix='', caseStyle='exact', flags=[], opt=off}
execute: Command{action=Command::SetUnsaved, file='/home/hugo/git/suckless/dwm/config.def.h', unsavedFile='/home/hugo/.emacs.d/tmp/irony-unsaved-xltSDb', dir='', line=0, column=0, prefix='', caseStyle='exact', flags=[], opt=off}
execute: Command{action=Command::Parse, file='/home/hugo/git/suckless/dwm/config.def.h', unsavedFile='', dir='', line=0, column=0, prefix='', caseStyle='exact', flags=['-x', 'c'], opt=off}
execute: Command{action=Command::Diagnostics, file='', unsavedFile='', dir='', line=0, column=0, prefix='', caseStyle='exact', flags=[], opt=off}
execute: Command{action=Command::Complete, file='/home/hugo/git/suckless/dwm/config.def.h', unsavedFile='', dir='', line=153, column=4, prefix='', caseStyle='exact', flags=['-x', 'c'], opt=off}
execute: Command{action=Command::Candidates, file='', unsavedFile='', dir='', line=0, column=0, prefix='', caseStyle='exact', flags=[], opt=off}
execute: Command{action=Command::SetUnsaved, file='/home/hugo/git/suckless/dwm/config.def.h', unsavedFile='/home/hugo/.emacs.d/tmp/irony-unsaved-nq5puH', dir='', line=0, column=0, prefix='', caseStyle='exact', flags=[], opt=off}
execute: Command{action=Command::Parse, file='/home/hugo/git/suckless/dwm/config.def.h', unsavedFile='', dir='', line=0, column=0, prefix='', caseStyle='exact', flags=['-x', 'c'], opt=off}
execute: Command{action=Command::Diagnostics, file='', unsavedFile='', dir='', line=0, column=0, prefix='', caseStyle='exact', flags=[], opt=off}
execute: Command{action=Command::SetUnsaved, file='/home/hugo/git/suckless/dwm/config.def.h', unsavedFile='/home/hugo/.emacs.d/tmp/irony-unsaved-K1xK6u', dir='', line=0, column=0, prefix='', caseStyle='exact', flags=[], opt=off}
execute: Command{action=Command::Parse, file='/home/hugo/git/suckless/dwm/config.def.h', unsavedFile='', dir='', line=0, column=0, prefix='', caseStyle='exact', flags=['-x', 'c'], opt=off}
execute: Command{action=Command::Diagnostics, file='', unsavedFile='', dir='', line=0, column=0, prefix='', caseStyle='exact', flags=[], opt=off}
execute: Command{action=Command::SetUnsaved, file='/home/hugo/git/suckless/dwm/config.def.h', unsavedFile='/home/hugo/.emacs.d/tmp/irony-unsaved-qQRdMa', dir='', line=0, column=0, prefix='', caseStyle='exact', flags=[], opt=off}
execute: Command{action=Command::Parse, file='/home/hugo/git/suckless/dwm/config.def.h', unsavedFile='', dir='', line=0, column=0, prefix='', caseStyle='exact', flags=['-x', 'c'], opt=off}
execute: Command{action=Command::Diagnostics, file='', unsavedFile='', dir='', line=0, column=0, prefix='', caseStyle='exact', flags=[], opt=off}
execute: Command{action=Command::ResetUnsaved, file='/home/hugo/git/suckless/dwm/config.def.h', unsavedFile='', dir='', line=0, column=0, prefix='', caseStyle='exact', flags=[], opt=off}
execute: Command{action=Command::Parse, file='/home/hugo/git/suckless/dwm/config.def.h', unsavedFile='', dir='', line=0, column=0, prefix='', caseStyle='exact', flags=['-x', 'c'], opt=off}
execute: Command{action=Command::Diagnostics, file='', unsavedFile='', dir='', line=0, column=0, prefix='', caseStyle='exact', flags=[], opt=off}
execute: Command{action=Command::Parse, file='/home/hugo/git/suckless/dmenu2/dmenu.c', unsavedFile='', dir='', line=0, column=0, prefix='', caseStyle='exact', flags=['-x', 'c'], opt=off}
execute: Command{action=Command::Diagnostics, file='', unsavedFile='', dir='', line=0, column=0, prefix='', caseStyle='exact', flags=[], opt=off}
execute: Command{action=Command::Complete, file='/home/hugo/git/suckless/dwm/config.def.h', unsavedFile='', dir='', line=94, column=13, prefix='', caseStyle='exact', flags=['-x', 'c'], opt=off}
execute: Command{action=Command::Candidates, file='', unsavedFile='', dir='', line=0, column=0, prefix='', caseStyle='exact', flags=[], opt=off}
execute: Command{action=Command::Complete, file='/home/hugo/git/suckless/dwm/config.def.h', unsavedFile='', dir='', line=48, column=19, prefix='', caseStyle='exact', flags=['-x', 'c'], opt=off}
execute: Command{action=Command::Candidates, file='', unsavedFile='', dir='', line=0, column=0, prefix='', caseStyle='exact', flags=[], opt=off}
execute: Command{action=Command::Parse, file='/home/hugo/git/suckless/dwm/dwm.c', unsavedFile='', dir='', line=0, column=0, prefix='', caseStyle='exact', flags=['-x', 'c'], opt=off}
execute: Command{action=Command::Diagnostics, file='', unsavedFile='', dir='', line=0, column=0, prefix='', caseStyle='exact', flags=[], opt=off}
execute: Command{action=Command::Complete, file='/home/hugo/git/suckless/dwm/dwm.c', unsavedFile='', dir='', line=59, column=9, prefix='', caseStyle='exact', flags=['-x', 'c'], opt=off}
execute: Command{action=Command::Candidates, file='', unsavedFile='', dir='', line=0, column=0, prefix='', caseStyle='exact', flags=[], opt=off}
execute: Command{action=Command::Complete, file='/home/hugo/git/suckless/dwm/dwm.c', unsavedFile='', dir='', line=91, column=6, prefix='', caseStyle='exact', flags=['-x', 'c'], opt=off}
execute: Command{action=Command::Candidates, file='', unsavedFile='', dir='', line=0, column=0, prefix='', caseStyle='exact', flags=[], opt=off}
