execute: Command{action=Command::SetUnsaved, file='/home/hugo/git/suckless/dwm/config.def.h', unsavedFile='/home/hugo/.emacs.d/tmp/irony-unsaved-2Woz0f', dir='', line=0, column=0, prefix='', caseStyle='exact', flags=[], opt=off}
execute: Command{action=Command::Parse, file='/home/hugo/git/suckless/dwm/config.def.h', unsavedFile='', dir='', line=0, column=0, prefix='', caseStyle='exact', flags=['-x', 'c'], opt=off}
execute: Command{action=Command::Diagnostics, file='', unsavedFile='', dir='', line=0, column=0, prefix='', caseStyle='exact', flags=[], opt=off}
execute: Command{action=Command::Complete, file='/home/hugo/git/suckless/dwm/config.def.h', unsavedFile='', dir='', line=111, column=20, prefix='', caseStyle='exact', flags=['-x', 'c'], opt=off}
execute: Command{action=Command::Candidates, file='', unsavedFile='', dir='', line=0, column=0, prefix='', caseStyle='exact', flags=[], opt=off}
execute: Command{action=Command::SetUnsaved, file='/home/hugo/git/suckless/dwm/config.def.h', unsavedFile='/home/hugo/.emacs.d/tmp/irony-unsaved-6QcUlE', dir='', line=0, column=0, prefix='', caseStyle='exact', flags=[], opt=off}
execute: Command{action=Command::Parse, file='/home/hugo/git/suckless/dwm/config.def.h', unsavedFile='', dir='', line=0, column=0, prefix='', caseStyle='exact', flags=['-x', 'c'], opt=off}
execute: Command{action=Command::Diagnostics, file='', unsavedFile='', dir='', line=0, column=0, prefix='', caseStyle='exact', flags=[], opt=off}
execute: Command{action=Command::SetUnsaved, file='/home/hugo/git/suckless/dwm/config.def.h', unsavedFile='/home/hugo/.emacs.d/tmp/irony-unsaved-RhY5gQ', dir='', line=0, column=0, prefix='', caseStyle='exact', flags=[], opt=off}
execute: Command{action=Command::Parse, file='/home/hugo/git/suckless/dwm/config.def.h', unsavedFile='', dir='', line=0, column=0, prefix='', caseStyle='exact', flags=['-x', 'c'], opt=off}
execute: Command{action=Command::Diagnostics, file='', unsavedFile='', dir='', line=0, column=0, prefix='', caseStyle='exact', flags=[], opt=off}
execute: Command{action=Command::SetUnsaved, file='/home/hugo/git/suckless/dwm/config.def.h', unsavedFile='/home/hugo/.emacs.d/tmp/irony-unsaved-3CtAnY', dir='', line=0, column=0, prefix='', caseStyle='exact', flags=[], opt=off}
execute: Command{action=Command::Parse, file='/home/hugo/git/suckless/dwm/config.def.h', unsavedFile='', dir='', line=0, column=0, prefix='', caseStyle='exact', flags=['-x', 'c'], opt=off}
execute: Command{action=Command::Diagnostics, file='', unsavedFile='', dir='', line=0, column=0, prefix='', caseStyle='exact', flags=[], opt=off}
execute: Command{action=Command::SetUnsaved, file='/home/hugo/git/suckless/dwm/config.def.h', unsavedFile='/home/hugo/.emacs.d/tmp/irony-unsaved-KKd0fU', dir='', line=0, column=0, prefix='', caseStyle='exact', flags=[], opt=off}
execute: Command{action=Command::Parse, file='/home/hugo/git/suckless/dwm/config.def.h', unsavedFile='', dir='', line=0, column=0, prefix='', caseStyle='exact', flags=['-x', 'c'], opt=off}
execute: Command{action=Command::Diagnostics, file='', unsavedFile='', dir='', line=0, column=0, prefix='', caseStyle='exact', flags=[], opt=off}
execute: Command{action=Command::SetUnsaved, file='/home/hugo/git/suckless/dwm/config.def.h', unsavedFile='/home/hugo/.emacs.d/tmp/irony-unsaved-4qAPaZ', dir='', line=0, column=0, prefix='', caseStyle='exact', flags=[], opt=off}
execute: Command{action=Command::Parse, file='/home/hugo/git/suckless/dwm/config.def.h', unsavedFile='', dir='', line=0, column=0, prefix='', caseStyle='exact', flags=['-x', 'c'], opt=off}
execute: Command{action=Command::Diagnostics, file='', unsavedFile='', dir='', line=0, column=0, prefix='', caseStyle='exact', flags=[], opt=off}
execute: Command{action=Command::SetUnsaved, file='/home/hugo/git/suckless/dwm/config.def.h', unsavedFile='/home/hugo/.emacs.d/tmp/irony-unsaved-rVb3SF', dir='', line=0, column=0, prefix='', caseStyle='exact', flags=[], opt=off}
execute: Command{action=Command::Parse, file='/home/hugo/git/suckless/dwm/config.def.h', unsavedFile='', dir='', line=0, column=0, prefix='', caseStyle='exact', flags=['-x', 'c'], opt=off}
execute: Command{action=Command::Diagnostics, file='', unsavedFile='', dir='', line=0, column=0, prefix='', caseStyle='exact', flags=[], opt=off}
execute: Command{action=Command::SetUnsaved, file='/home/hugo/git/suckless/dwm/config.def.h', unsavedFile='/home/hugo/.emacs.d/tmp/irony-unsaved-tx06yg', dir='', line=0, column=0, prefix='', caseStyle='exact', flags=[], opt=off}
execute: Command{action=Command::Parse, file='/home/hugo/git/suckless/dwm/config.def.h', unsavedFile='', dir='', line=0, column=0, prefix='', caseStyle='exact', flags=['-x', 'c'], opt=off}
execute: Command{action=Command::Diagnostics, file='', unsavedFile='', dir='', line=0, column=0, prefix='', caseStyle='exact', flags=[], opt=off}
execute: Command{action=Command::SetUnsaved, file='/home/hugo/git/suckless/dwm/config.def.h', unsavedFile='/home/hugo/.emacs.d/tmp/irony-unsaved-ZT6bZo', dir='', line=0, column=0, prefix='', caseStyle='exact', flags=[], opt=off}
execute: Command{action=Command::Parse, file='/home/hugo/git/suckless/dwm/config.def.h', unsavedFile='', dir='', line=0, column=0, prefix='', caseStyle='exact', flags=['-x', 'c'], opt=off}
execute: Command{action=Command::Diagnostics, file='', unsavedFile='', dir='', line=0, column=0, prefix='', caseStyle='exact', flags=[], opt=off}
execute: Command{action=Command::SetUnsaved, file='/home/hugo/git/suckless/dwm/config.def.h', unsavedFile='/home/hugo/.emacs.d/tmp/irony-unsaved-n8yNVe', dir='', line=0, column=0, prefix='', caseStyle='exact', flags=[], opt=off}
execute: Command{action=Command::Parse, file='/home/hugo/git/suckless/dwm/config.def.h', unsavedFile='', dir='', line=0, column=0, prefix='', caseStyle='exact', flags=['-x', 'c'], opt=off}
execute: Command{action=Command::Diagnostics, file='', unsavedFile='', dir='', line=0, column=0, prefix='', caseStyle='exact', flags=[], opt=off}
execute: Command{action=Command::SetUnsaved, file='/home/hugo/git/suckless/dwm/config.def.h', unsavedFile='/home/hugo/.emacs.d/tmp/irony-unsaved-imWdR1', dir='', line=0, column=0, prefix='', caseStyle='exact', flags=[], opt=off}
execute: Command{action=Command::Parse, file='/home/hugo/git/suckless/dwm/config.def.h', unsavedFile='', dir='', line=0, column=0, prefix='', caseStyle='exact', flags=['-x', 'c'], opt=off}
execute: Command{action=Command::Diagnostics, file='', unsavedFile='', dir='', line=0, column=0, prefix='', caseStyle='exact', flags=[], opt=off}
execute: Command{action=Command::SetUnsaved, file='/home/hugo/git/suckless/dwm/config.def.h', unsavedFile='/home/hugo/.emacs.d/tmp/irony-unsaved-SjEqV7', dir='', line=0, column=0, prefix='', caseStyle='exact', flags=[], opt=off}
execute: Command{action=Command::Parse, file='/home/hugo/git/suckless/dwm/config.def.h', unsavedFile='', dir='', line=0, column=0, prefix='', caseStyle='exact', flags=['-x', 'c'], opt=off}
execute: Command{action=Command::Diagnostics, file='', unsavedFile='', dir='', line=0, column=0, prefix='', caseStyle='exact', flags=[], opt=off}
execute: Command{action=Command::SetUnsaved, file='/home/hugo/git/suckless/dwm/config.def.h', unsavedFile='/home/hugo/.emacs.d/tmp/irony-unsaved-QOYB3P', dir='', line=0, column=0, prefix='', caseStyle='exact', flags=[], opt=off}
execute: Command{action=Command::Parse, file='/home/hugo/git/suckless/dwm/config.def.h', unsavedFile='', dir='', line=0, column=0, prefix='', caseStyle='exact', flags=['-x', 'c'], opt=off}
execute: Command{action=Command::Diagnostics, file='', unsavedFile='', dir='', line=0, column=0, prefix='', caseStyle='exact', flags=[], opt=off}
execute: Command{action=Command::SetUnsaved, file='/home/hugo/git/suckless/dwm/config.def.h', unsavedFile='/home/hugo/.emacs.d/tmp/irony-unsaved-jU30vt', dir='', line=0, column=0, prefix='', caseStyle='exact', flags=[], opt=off}
execute: Command{action=Command::Parse, file='/home/hugo/git/suckless/dwm/config.def.h', unsavedFile='', dir='', line=0, column=0, prefix='', caseStyle='exact', flags=['-x', 'c'], opt=off}
execute: Command{action=Command::Diagnostics, file='', unsavedFile='', dir='', line=0, column=0, prefix='', caseStyle='exact', flags=[], opt=off}
execute: Command{action=Command::SetUnsaved, file='/home/hugo/git/suckless/dwm/config.def.h', unsavedFile='/home/hugo/.emacs.d/tmp/irony-unsaved-lMChiP', dir='', line=0, column=0, prefix='', caseStyle='exact', flags=[], opt=off}
execute: Command{action=Command::Parse, file='/home/hugo/git/suckless/dwm/config.def.h', unsavedFile='', dir='', line=0, column=0, prefix='', caseStyle='exact', flags=['-x', 'c'], opt=off}
execute: Command{action=Command::Diagnostics, file='', unsavedFile='', dir='', line=0, column=0, prefix='', caseStyle='exact', flags=[], opt=off}
execute: Command{action=Command::SetUnsaved, file='/home/hugo/git/suckless/dwm/config.def.h', unsavedFile='/home/hugo/.emacs.d/tmp/irony-unsaved-Qf98WR', dir='', line=0, column=0, prefix='', caseStyle='exact', flags=[], opt=off}
execute: Command{action=Command::Parse, file='/home/hugo/git/suckless/dwm/config.def.h', unsavedFile='', dir='', line=0, column=0, prefix='', caseStyle='exact', flags=['-x', 'c'], opt=off}
execute: Command{action=Command::Diagnostics, file='', unsavedFile='', dir='', line=0, column=0, prefix='', caseStyle='exact', flags=[], opt=off}
execute: Command{action=Command::ResetUnsaved, file='/home/hugo/git/suckless/dwm/config.def.h', unsavedFile='', dir='', line=0, column=0, prefix='', caseStyle='exact', flags=[], opt=off}
execute: Command{action=Command::Parse, file='/home/hugo/git/suckless/dwm/config.def.h', unsavedFile='', dir='', line=0, column=0, prefix='', caseStyle='exact', flags=['-x', 'c'], opt=off}
execute: Command{action=Command::Diagnostics, file='', unsavedFile='', dir='', line=0, column=0, prefix='', caseStyle='exact', flags=[], opt=off}
execute: Command{action=Command::SetUnsaved, file='/home/hugo/git/suckless/dwm/config.def.h', unsavedFile='/home/hugo/.emacs.d/tmp/irony-unsaved-ae5VQ0', dir='', line=0, column=0, prefix='', caseStyle='exact', flags=[], opt=off}
execute: Command{action=Command::Parse, file='/home/hugo/git/suckless/dwm/config.def.h', unsavedFile='', dir='', line=0, column=0, prefix='', caseStyle='exact', flags=['-x', 'c'], opt=off}
execute: Command{action=Command::Diagnostics, file='', unsavedFile='', dir='', line=0, column=0, prefix='', caseStyle='exact', flags=[], opt=off}
execute: Command{action=Command::SetUnsaved, file='/home/hugo/git/suckless/dwm/config.def.h', unsavedFile='/home/hugo/.emacs.d/tmp/irony-unsaved-qGMwMt', dir='', line=0, column=0, prefix='', caseStyle='exact', flags=[], opt=off}
execute: Command{action=Command::Parse, file='/home/hugo/git/suckless/dwm/config.def.h', unsavedFile='', dir='', line=0, column=0, prefix='', caseStyle='exact', flags=['-x', 'c'], opt=off}
execute: Command{action=Command::Diagnostics, file='', unsavedFile='', dir='', line=0, column=0, prefix='', caseStyle='exact', flags=[], opt=off}
execute: Command{action=Command::SetUnsaved, file='/home/hugo/git/suckless/dwm/config.def.h', unsavedFile='/home/hugo/.emacs.d/tmp/irony-unsaved-KGVao7', dir='', line=0, column=0, prefix='', caseStyle='exact', flags=[], opt=off}
execute: Command{action=Command::Parse, file='/home/hugo/git/suckless/dwm/config.def.h', unsavedFile='', dir='', line=0, column=0, prefix='', caseStyle='exact', flags=['-x', 'c'], opt=off}
execute: Command{action=Command::Diagnostics, file='', unsavedFile='', dir='', line=0, column=0, prefix='', caseStyle='exact', flags=[], opt=off}
execute: Command{action=Command::SetUnsaved, file='/home/hugo/git/suckless/dwm/config.def.h', unsavedFile='/home/hugo/.emacs.d/tmp/irony-unsaved-2e63Zc', dir='', line=0, column=0, prefix='', caseStyle='exact', flags=[], opt=off}
execute: Command{action=Command::Parse, file='/home/hugo/git/suckless/dwm/config.def.h', unsavedFile='', dir='', line=0, column=0, prefix='', caseStyle='exact', flags=['-x', 'c'], opt=off}
execute: Command{action=Command::Diagnostics, file='', unsavedFile='', dir='', line=0, column=0, prefix='', caseStyle='exact', flags=[], opt=off}
execute: Command{action=Command::SetUnsaved, file='/home/hugo/git/suckless/dwm/config.def.h', unsavedFile='/home/hugo/.emacs.d/tmp/irony-unsaved-jtCpGV', dir='', line=0, column=0, prefix='', caseStyle='exact', flags=[], opt=off}
execute: Command{action=Command::Parse, file='/home/hugo/git/suckless/dwm/config.def.h', unsavedFile='', dir='', line=0, column=0, prefix='', caseStyle='exact', flags=['-x', 'c'], opt=off}
execute: Command{action=Command::Diagnostics, file='', unsavedFile='', dir='', line=0, column=0, prefix='', caseStyle='exact', flags=[], opt=off}
execute: Command{action=Command::ResetUnsaved, file='/home/hugo/git/suckless/dwm/config.def.h', unsavedFile='', dir='', line=0, column=0, prefix='', caseStyle='exact', flags=[], opt=off}
execute: Command{action=Command::Parse, file='/home/hugo/git/suckless/dwm/config.def.h', unsavedFile='', dir='', line=0, column=0, prefix='', caseStyle='exact', flags=['-x', 'c'], opt=off}
execute: Command{action=Command::Diagnostics, file='', unsavedFile='', dir='', line=0, column=0, prefix='', caseStyle='exact', flags=[], opt=off}
execute: Command{action=Command::SetUnsaved, file='/home/hugo/git/suckless/dwm/config.def.h', unsavedFile='/home/hugo/.emacs.d/tmp/irony-unsaved-EKCpXC', dir='', line=0, column=0, prefix='', caseStyle='exact', flags=[], opt=off}
execute: Command{action=Command::Parse, file='/home/hugo/git/suckless/dwm/config.def.h', unsavedFile='', dir='', line=0, column=0, prefix='', caseStyle='exact', flags=['-x', 'c'], opt=off}
execute: Command{action=Command::Diagnostics, file='', unsavedFile='', dir='', line=0, column=0, prefix='', caseStyle='exact', flags=[], opt=off}
execute: Command{action=Command::SetUnsaved, file='/home/hugo/git/suckless/dwm/config.def.h', unsavedFile='/home/hugo/.emacs.d/tmp/irony-unsaved-madP9n', dir='', line=0, column=0, prefix='', caseStyle='exact', flags=[], opt=off}
execute: Command{action=Command::Parse, file='/home/hugo/git/suckless/dwm/config.def.h', unsavedFile='', dir='', line=0, column=0, prefix='', caseStyle='exact', flags=['-x', 'c'], opt=off}
execute: Command{action=Command::Diagnostics, file='', unsavedFile='', dir='', line=0, column=0, prefix='', caseStyle='exact', flags=[], opt=off}
execute: Command{action=Command::SetUnsaved, file='/home/hugo/git/suckless/dwm/config.def.h', unsavedFile='/home/hugo/.emacs.d/tmp/irony-unsaved-Yw86y6', dir='', line=0, column=0, prefix='', caseStyle='exact', flags=[], opt=off}
execute: Command{action=Command::Parse, file='/home/hugo/git/suckless/dwm/config.def.h', unsavedFile='', dir='', line=0, column=0, prefix='', caseStyle='exact', flags=['-x', 'c'], opt=off}
execute: Command{action=Command::Diagnostics, file='', unsavedFile='', dir='', line=0, column=0, prefix='', caseStyle='exact', flags=[], opt=off}
execute: Command{action=Command::SetUnsaved, file='/home/hugo/git/suckless/dwm/config.def.h', unsavedFile='/home/hugo/.emacs.d/tmp/irony-unsaved-6DWMbd', dir='', line=0, column=0, prefix='', caseStyle='exact', flags=[], opt=off}
execute: Command{action=Command::Parse, file='/home/hugo/git/suckless/dwm/config.def.h', unsavedFile='', dir='', line=0, column=0, prefix='', caseStyle='exact', flags=['-x', 'c'], opt=off}
execute: Command{action=Command::Diagnostics, file='', unsavedFile='', dir='', line=0, column=0, prefix='', caseStyle='exact', flags=[], opt=off}
execute: Command{action=Command::SetUnsaved, file='/home/hugo/git/suckless/dwm/config.def.h', unsavedFile='/home/hugo/.emacs.d/tmp/irony-unsaved-n6wXhq', dir='', line=0, column=0, prefix='', caseStyle='exact', flags=[], opt=off}
execute: Command{action=Command::Parse, file='/home/hugo/git/suckless/dwm/config.def.h', unsavedFile='', dir='', line=0, column=0, prefix='', caseStyle='exact', flags=['-x', 'c'], opt=off}
execute: Command{action=Command::Diagnostics, file='', unsavedFile='', dir='', line=0, column=0, prefix='', caseStyle='exact', flags=[], opt=off}
execute: Command{action=Command::SetUnsaved, file='/home/hugo/git/suckless/dwm/config.def.h', unsavedFile='/home/hugo/.emacs.d/tmp/irony-unsaved-I5aJku', dir='', line=0, column=0, prefix='', caseStyle='exact', flags=[], opt=off}
execute: Command{action=Command::Parse, file='/home/hugo/git/suckless/dwm/config.def.h', unsavedFile='', dir='', line=0, column=0, prefix='', caseStyle='exact', flags=['-x', 'c'], opt=off}
execute: Command{action=Command::Diagnostics, file='', unsavedFile='', dir='', line=0, column=0, prefix='', caseStyle='exact', flags=[], opt=off}
execute: Command{action=Command::SetUnsaved, file='/home/hugo/git/suckless/dwm/config.def.h', unsavedFile='/home/hugo/.emacs.d/tmp/irony-unsaved-XxqfpW', dir='', line=0, column=0, prefix='', caseStyle='exact', flags=[], opt=off}
execute: Command{action=Command::Parse, file='/home/hugo/git/suckless/dwm/config.def.h', unsavedFile='', dir='', line=0, column=0, prefix='', caseStyle='exact', flags=['-x', 'c'], opt=off}
execute: Command{action=Command::Diagnostics, file='', unsavedFile='', dir='', line=0, column=0, prefix='', caseStyle='exact', flags=[], opt=off}
execute: Command{action=Command::SetUnsaved, file='/home/hugo/git/suckless/dwm/config.def.h', unsavedFile='/home/hugo/.emacs.d/tmp/irony-unsaved-LCKyYu', dir='', line=0, column=0, prefix='', caseStyle='exact', flags=[], opt=off}
execute: Command{action=Command::Parse, file='/home/hugo/git/suckless/dwm/config.def.h', unsavedFile='', dir='', line=0, column=0, prefix='', caseStyle='exact', flags=['-x', 'c'], opt=off}
execute: Command{action=Command::Diagnostics, file='', unsavedFile='', dir='', line=0, column=0, prefix='', caseStyle='exact', flags=[], opt=off}
execute: Command{action=Command::SetUnsaved, file='/home/hugo/git/suckless/dwm/config.def.h', unsavedFile='/home/hugo/.emacs.d/tmp/irony-unsaved-GDd4Yv', dir='', line=0, column=0, prefix='', caseStyle='exact', flags=[], opt=off}
execute: Command{action=Command::Parse, file='/home/hugo/git/suckless/dwm/config.def.h', unsavedFile='', dir='', line=0, column=0, prefix='', caseStyle='exact', flags=['-x', 'c'], opt=off}
execute: Command{action=Command::Diagnostics, file='', unsavedFile='', dir='', line=0, column=0, prefix='', caseStyle='exact', flags=[], opt=off}
execute: Command{action=Command::ResetUnsaved, file='/home/hugo/git/suckless/dwm/config.def.h', unsavedFile='', dir='', line=0, column=0, prefix='', caseStyle='exact', flags=[], opt=off}
execute: Command{action=Command::Parse, file='/home/hugo/git/suckless/dwm/config.def.h', unsavedFile='', dir='', line=0, column=0, prefix='', caseStyle='exact', flags=['-x', 'c'], opt=off}
execute: Command{action=Command::Diagnostics, file='', unsavedFile='', dir='', line=0, column=0, prefix='', caseStyle='exact', flags=[], opt=off}
execute: Command{action=Command::SetUnsaved, file='/home/hugo/git/suckless/dwm/config.def.h', unsavedFile='/home/hugo/.emacs.d/tmp/irony-unsaved-lGwRAu', dir='', line=0, column=0, prefix='', caseStyle='exact', flags=[], opt=off}
execute: Command{action=Command::Parse, file='/home/hugo/git/suckless/dwm/config.def.h', unsavedFile='', dir='', line=0, column=0, prefix='', caseStyle='exact', flags=['-x', 'c'], opt=off}
execute: Command{action=Command::Diagnostics, file='', unsavedFile='', dir='', line=0, column=0, prefix='', caseStyle='exact', flags=[], opt=off}
execute: Command{action=Command::ResetUnsaved, file='/home/hugo/git/suckless/dwm/config.def.h', unsavedFile='', dir='', line=0, column=0, prefix='', caseStyle='exact', flags=[], opt=off}
execute: Command{action=Command::Parse, file='/home/hugo/git/suckless/dwm/config.def.h', unsavedFile='', dir='', line=0, column=0, prefix='', caseStyle='exact', flags=['-x', 'c'], opt=off}
execute: Command{action=Command::Diagnostics, file='', unsavedFile='', dir='', line=0, column=0, prefix='', caseStyle='exact', flags=[], opt=off}
execute: Command{action=Command::SetUnsaved, file='/home/hugo/git/suckless/dwm/config.def.h', unsavedFile='/home/hugo/.emacs.d/tmp/irony-unsaved-kY12gS', dir='', line=0, column=0, prefix='', caseStyle='exact', flags=[], opt=off}
execute: Command{action=Command::Parse, file='/home/hugo/git/suckless/dwm/config.def.h', unsavedFile='', dir='', line=0, column=0, prefix='', caseStyle='exact', flags=['-x', 'c'], opt=off}
execute: Command{action=Command::Diagnostics, file='', unsavedFile='', dir='', line=0, column=0, prefix='', caseStyle='exact', flags=[], opt=off}
execute: Command{action=Command::SetUnsaved, file='/home/hugo/git/suckless/dwm/config.def.h', unsavedFile='/home/hugo/.emacs.d/tmp/irony-unsaved-KsebYm', dir='', line=0, column=0, prefix='', caseStyle='exact', flags=[], opt=off}
execute: Command{action=Command::Parse, file='/home/hugo/git/suckless/dwm/config.def.h', unsavedFile='', dir='', line=0, column=0, prefix='', caseStyle='exact', flags=['-x', 'c'], opt=off}
execute: Command{action=Command::Diagnostics, file='', unsavedFile='', dir='', line=0, column=0, prefix='', caseStyle='exact', flags=[], opt=off}
execute: Command{action=Command::SetUnsaved, file='/home/hugo/git/suckless/dwm/config.def.h', unsavedFile='/home/hugo/.emacs.d/tmp/irony-unsaved-2gF4Yl', dir='', line=0, column=0, prefix='', caseStyle='exact', flags=[], opt=off}
execute: Command{action=Command::Parse, file='/home/hugo/git/suckless/dwm/config.def.h', unsavedFile='', dir='', line=0, column=0, prefix='', caseStyle='exact', flags=['-x', 'c'], opt=off}
execute: Command{action=Command::Diagnostics, file='', unsavedFile='', dir='', line=0, column=0, prefix='', caseStyle='exact', flags=[], opt=off}
execute: Command{action=Command::SetUnsaved, file='/home/hugo/git/suckless/dwm/config.def.h', unsavedFile='/home/hugo/.emacs.d/tmp/irony-unsaved-vHGkKz', dir='', line=0, column=0, prefix='', caseStyle='exact', flags=[], opt=off}
execute: Command{action=Command::Parse, file='/home/hugo/git/suckless/dwm/config.def.h', unsavedFile='', dir='', line=0, column=0, prefix='', caseStyle='exact', flags=['-x', 'c'], opt=off}
execute: Command{action=Command::Diagnostics, file='', unsavedFile='', dir='', line=0, column=0, prefix='', caseStyle='exact', flags=[], opt=off}
execute: Command{action=Command::SetUnsaved, file='/home/hugo/git/suckless/dwm/config.def.h', unsavedFile='/home/hugo/.emacs.d/tmp/irony-unsaved-MhebK8', dir='', line=0, column=0, prefix='', caseStyle='exact', flags=[], opt=off}
execute: Command{action=Command::Parse, file='/home/hugo/git/suckless/dwm/config.def.h', unsavedFile='', dir='', line=0, column=0, prefix='', caseStyle='exact', flags=['-x', 'c'], opt=off}
execute: Command{action=Command::Diagnostics, file='', unsavedFile='', dir='', line=0, column=0, prefix='', caseStyle='exact', flags=[], opt=off}
execute: Command{action=Command::SetUnsaved, file='/home/hugo/git/suckless/dwm/config.def.h', unsavedFile='/home/hugo/.emacs.d/tmp/irony-unsaved-jeFqAW', dir='', line=0, column=0, prefix='', caseStyle='exact', flags=[], opt=off}
execute: Command{action=Command::Parse, file='/home/hugo/git/suckless/dwm/config.def.h', unsavedFile='', dir='', line=0, column=0, prefix='', caseStyle='exact', flags=['-x', 'c'], opt=off}
execute: Command{action=Command::Diagnostics, file='', unsavedFile='', dir='', line=0, column=0, prefix='', caseStyle='exact', flags=[], opt=off}
execute: Command{action=Command::SetUnsaved, file='/home/hugo/git/suckless/dwm/config.def.h', unsavedFile='/home/hugo/.emacs.d/tmp/irony-unsaved-lv288W', dir='', line=0, column=0, prefix='', caseStyle='exact', flags=[], opt=off}
execute: Command{action=Command::Parse, file='/home/hugo/git/suckless/dwm/config.def.h', unsavedFile='', dir='', line=0, column=0, prefix='', caseStyle='exact', flags=['-x', 'c'], opt=off}
execute: Command{action=Command::Diagnostics, file='', unsavedFile='', dir='', line=0, column=0, prefix='', caseStyle='exact', flags=[], opt=off}
execute: Command{action=Command::SetUnsaved, file='/home/hugo/git/suckless/dwm/config.def.h', unsavedFile='/home/hugo/.emacs.d/tmp/irony-unsaved-U1Y04F', dir='', line=0, column=0, prefix='', caseStyle='exact', flags=[], opt=off}
execute: Command{action=Command::Parse, file='/home/hugo/git/suckless/dwm/config.def.h', unsavedFile='', dir='', line=0, column=0, prefix='', caseStyle='exact', flags=['-x', 'c'], opt=off}
execute: Command{action=Command::Diagnostics, file='', unsavedFile='', dir='', line=0, column=0, prefix='', caseStyle='exact', flags=[], opt=off}
execute: Command{action=Command::Complete, file='/home/hugo/git/suckless/dwm/config.def.h', unsavedFile='', dir='', line=118, column=2, prefix='', caseStyle='exact', flags=['-x', 'c'], opt=off}
execute: Command{action=Command::Candidates, file='', unsavedFile='', dir='', line=0, column=0, prefix='', caseStyle='exact', flags=[], opt=off}
execute: Command{action=Command::SetUnsaved, file='/home/hugo/git/suckless/dwm/config.def.h', unsavedFile='/home/hugo/.emacs.d/tmp/irony-unsaved-5EuqvN', dir='', line=0, column=0, prefix='', caseStyle='exact', flags=[], opt=off}
execute: Command{action=Command::Parse, file='/home/hugo/git/suckless/dwm/config.def.h', unsavedFile='', dir='', line=0, column=0, prefix='', caseStyle='exact', flags=['-x', 'c'], opt=off}
execute: Command{action=Command::Diagnostics, file='', unsavedFile='', dir='', line=0, column=0, prefix='', caseStyle='exact', flags=[], opt=off}
execute: Command{action=Command::SetUnsaved, file='/home/hugo/git/suckless/dwm/config.def.h', unsavedFile='/home/hugo/.emacs.d/tmp/irony-unsaved-3vsbeP', dir='', line=0, column=0, prefix='', caseStyle='exact', flags=[], opt=off}
execute: Command{action=Command::Parse, file='/home/hugo/git/suckless/dwm/config.def.h', unsavedFile='', dir='', line=0, column=0, prefix='', caseStyle='exact', flags=['-x', 'c'], opt=off}
execute: Command{action=Command::Diagnostics, file='', unsavedFile='', dir='', line=0, column=0, prefix='', caseStyle='exact', flags=[], opt=off}
execute: Command{action=Command::SetUnsaved, file='/home/hugo/git/suckless/dwm/config.def.h', unsavedFile='/home/hugo/.emacs.d/tmp/irony-unsaved-elnKWb', dir='', line=0, column=0, prefix='', caseStyle='exact', flags=[], opt=off}
execute: Command{action=Command::Parse, file='/home/hugo/git/suckless/dwm/config.def.h', unsavedFile='', dir='', line=0, column=0, prefix='', caseStyle='exact', flags=['-x', 'c'], opt=off}
execute: Command{action=Command::Diagnostics, file='', unsavedFile='', dir='', line=0, column=0, prefix='', caseStyle='exact', flags=[], opt=off}
execute: Command{action=Command::SetUnsaved, file='/home/hugo/git/suckless/dwm/config.def.h', unsavedFile='/home/hugo/.emacs.d/tmp/irony-unsaved-YqxJIn', dir='', line=0, column=0, prefix='', caseStyle='exact', flags=[], opt=off}
execute: Command{action=Command::Parse, file='/home/hugo/git/suckless/dwm/config.def.h', unsavedFile='', dir='', line=0, column=0, prefix='', caseStyle='exact', flags=['-x', 'c'], opt=off}
execute: Command{action=Command::Diagnostics, file='', unsavedFile='', dir='', line=0, column=0, prefix='', caseStyle='exact', flags=[], opt=off}
execute: Command{action=Command::Complete, file='/home/hugo/git/suckless/dwm/config.def.h', unsavedFile='', dir='', line=118, column=2, prefix='', caseStyle='exact', flags=['-x', 'c'], opt=off}
execute: Command{action=Command::Candidates, file='', unsavedFile='', dir='', line=0, column=0, prefix='', caseStyle='exact', flags=[], opt=off}
execute: Command{action=Command::SetUnsaved, file='/home/hugo/git/suckless/dwm/config.def.h', unsavedFile='/home/hugo/.emacs.d/tmp/irony-unsaved-eeaoy1', dir='', line=0, column=0, prefix='', caseStyle='exact', flags=[], opt=off}
execute: Command{action=Command::Parse, file='/home/hugo/git/suckless/dwm/config.def.h', unsavedFile='', dir='', line=0, column=0, prefix='', caseStyle='exact', flags=['-x', 'c'], opt=off}
execute: Command{action=Command::Diagnostics, file='', unsavedFile='', dir='', line=0, column=0, prefix='', caseStyle='exact', flags=[], opt=off}
execute: Command{action=Command::SetUnsaved, file='/home/hugo/git/suckless/dwm/config.def.h', unsavedFile='/home/hugo/.emacs.d/tmp/irony-unsaved-t87VTD', dir='', line=0, column=0, prefix='', caseStyle='exact', flags=[], opt=off}
execute: Command{action=Command::Parse, file='/home/hugo/git/suckless/dwm/config.def.h', unsavedFile='', dir='', line=0, column=0, prefix='', caseStyle='exact', flags=['-x', 'c'], opt=off}
execute: Command{action=Command::Diagnostics, file='', unsavedFile='', dir='', line=0, column=0, prefix='', caseStyle='exact', flags=[], opt=off}
execute: Command{action=Command::ResetUnsaved, file='/home/hugo/git/suckless/dwm/config.def.h', unsavedFile='', dir='', line=0, column=0, prefix='', caseStyle='exact', flags=[], opt=off}
execute: Command{action=Command::Parse, file='/home/hugo/git/suckless/dwm/config.def.h', unsavedFile='', dir='', line=0, column=0, prefix='', caseStyle='exact', flags=['-x', 'c'], opt=off}
execute: Command{action=Command::Diagnostics, file='', unsavedFile='', dir='', line=0, column=0, prefix='', caseStyle='exact', flags=[], opt=off}
execute: Command{action=Command::SetUnsaved, file='/home/hugo/git/suckless/dwm/config.def.h', unsavedFile='/home/hugo/.emacs.d/tmp/irony-unsaved-0VpVHK', dir='', line=0, column=0, prefix='', caseStyle='exact', flags=[], opt=off}
execute: Command{action=Command::Parse, file='/home/hugo/git/suckless/dwm/config.def.h', unsavedFile='', dir='', line=0, column=0, prefix='', caseStyle='exact', flags=['-x', 'c'], opt=off}
execute: Command{action=Command::Diagnostics, file='', unsavedFile='', dir='', line=0, column=0, prefix='', caseStyle='exact', flags=[], opt=off}
execute: Command{action=Command::SetUnsaved, file='/home/hugo/git/suckless/dwm/config.def.h', unsavedFile='/home/hugo/.emacs.d/tmp/irony-unsaved-sdJiYN', dir='', line=0, column=0, prefix='', caseStyle='exact', flags=[], opt=off}
execute: Command{action=Command::Parse, file='/home/hugo/git/suckless/dwm/config.def.h', unsavedFile='', dir='', line=0, column=0, prefix='', caseStyle='exact', flags=['-x', 'c'], opt=off}
execute: Command{action=Command::Diagnostics, file='', unsavedFile='', dir='', line=0, column=0, prefix='', caseStyle='exact', flags=[], opt=off}
execute: Command{action=Command::Complete, file='/home/hugo/git/suckless/dwm/config.def.h', unsavedFile='', dir='', line=126, column=25, prefix='', caseStyle='exact', flags=['-x', 'c'], opt=off}
execute: Command{action=Command::Candidates, file='', unsavedFile='', dir='', line=0, column=0, prefix='', caseStyle='exact', flags=[], opt=off}
execute: Command{action=Command::SetUnsaved, file='/home/hugo/git/suckless/dwm/config.def.h', unsavedFile='/home/hugo/.emacs.d/tmp/irony-unsaved-4zxB1J', dir='', line=0, column=0, prefix='', caseStyle='exact', flags=[], opt=off}
execute: Command{action=Command::Parse, file='/home/hugo/git/suckless/dwm/config.def.h', unsavedFile='', dir='', line=0, column=0, prefix='', caseStyle='exact', flags=['-x', 'c'], opt=off}
execute: Command{action=Command::Diagnostics, file='', unsavedFile='', dir='', line=0, column=0, prefix='', caseStyle='exact', flags=[], opt=off}
execute: Command{action=Command::SetUnsaved, file='/home/hugo/git/suckless/dwm/config.def.h', unsavedFile='/home/hugo/.emacs.d/tmp/irony-unsaved-zHhN6C', dir='', line=0, column=0, prefix='', caseStyle='exact', flags=[], opt=off}
execute: Command{action=Command::Parse, file='/home/hugo/git/suckless/dwm/config.def.h', unsavedFile='', dir='', line=0, column=0, prefix='', caseStyle='exact', flags=['-x', 'c'], opt=off}
execute: Command{action=Command::Diagnostics, file='', unsavedFile='', dir='', line=0, column=0, prefix='', caseStyle='exact', flags=[], opt=off}
execute: Command{action=Command::SetUnsaved, file='/home/hugo/git/suckless/dwm/config.def.h', unsavedFile='/home/hugo/.emacs.d/tmp/irony-unsaved-LzmJXp', dir='', line=0, column=0, prefix='', caseStyle='exact', flags=[], opt=off}
execute: Command{action=Command::Parse, file='/home/hugo/git/suckless/dwm/config.def.h', unsavedFile='', dir='', line=0, column=0, prefix='', caseStyle='exact', flags=['-x', 'c'], opt=off}
execute: Command{action=Command::Diagnostics, file='', unsavedFile='', dir='', line=0, column=0, prefix='', caseStyle='exact', flags=[], opt=off}
execute: Command{action=Command::SetUnsaved, file='/home/hugo/git/suckless/dwm/config.def.h', unsavedFile='/home/hugo/.emacs.d/tmp/irony-unsaved-m5ODp7', dir='', line=0, column=0, prefix='', caseStyle='exact', flags=[], opt=off}
execute: Command{action=Command::Parse, file='/home/hugo/git/suckless/dwm/config.def.h', unsavedFile='', dir='', line=0, column=0, prefix='', caseStyle='exact', flags=['-x', 'c'], opt=off}
execute: Command{action=Command::Diagnostics, file='', unsavedFile='', dir='', line=0, column=0, prefix='', caseStyle='exact', flags=[], opt=off}
execute: Command{action=Command::SetUnsaved, file='/home/hugo/git/suckless/dwm/config.def.h', unsavedFile='/home/hugo/.emacs.d/tmp/irony-unsaved-kZXcPH', dir='', line=0, column=0, prefix='', caseStyle='exact', flags=[], opt=off}
execute: Command{action=Command::Parse, file='/home/hugo/git/suckless/dwm/config.def.h', unsavedFile='', dir='', line=0, column=0, prefix='', caseStyle='exact', flags=['-x', 'c'], opt=off}
execute: Command{action=Command::Diagnostics, file='', unsavedFile='', dir='', line=0, column=0, prefix='', caseStyle='exact', flags=[], opt=off}
execute: Command{action=Command::Complete, file='/home/hugo/git/suckless/dwm/config.def.h', unsavedFile='', dir='', line=126, column=84, prefix='', caseStyle='exact', flags=['-x', 'c'], opt=off}
execute: Command{action=Command::Candidates, file='', unsavedFile='', dir='', line=0, column=0, prefix='', caseStyle='exact', flags=[], opt=off}
execute: Command{action=Command::SetUnsaved, file='/home/hugo/git/suckless/dwm/config.def.h', unsavedFile='/home/hugo/.emacs.d/tmp/irony-unsaved-Ngw7aI', dir='', line=0, column=0, prefix='', caseStyle='exact', flags=[], opt=off}
execute: Command{action=Command::Parse, file='/home/hugo/git/suckless/dwm/config.def.h', unsavedFile='', dir='', line=0, column=0, prefix='', caseStyle='exact', flags=['-x', 'c'], opt=off}
execute: Command{action=Command::Diagnostics, file='', unsavedFile='', dir='', line=0, column=0, prefix='', caseStyle='exact', flags=[], opt=off}
execute: Command{action=Command::SetUnsaved, file='/home/hugo/git/suckless/dwm/config.def.h', unsavedFile='/home/hugo/.emacs.d/tmp/irony-unsaved-kb56DM', dir='', line=0, column=0, prefix='', caseStyle='exact', flags=[], opt=off}
execute: Command{action=Command::Parse, file='/home/hugo/git/suckless/dwm/config.def.h', unsavedFile='', dir='', line=0, column=0, prefix='', caseStyle='exact', flags=['-x', 'c'], opt=off}
execute: Command{action=Command::Diagnostics, file='', unsavedFile='', dir='', line=0, column=0, prefix='', caseStyle='exact', flags=[], opt=off}
execute: Command{action=Command::SetUnsaved, file='/home/hugo/git/suckless/dwm/config.def.h', unsavedFile='/home/hugo/.emacs.d/tmp/irony-unsaved-XcoNTU', dir='', line=0, column=0, prefix='', caseStyle='exact', flags=[], opt=off}
execute: Command{action=Command::Parse, file='/home/hugo/git/suckless/dwm/config.def.h', unsavedFile='', dir='', line=0, column=0, prefix='', caseStyle='exact', flags=['-x', 'c'], opt=off}
execute: Command{action=Command::Diagnostics, file='', unsavedFile='', dir='', line=0, column=0, prefix='', caseStyle='exact', flags=[], opt=off}
execute: Command{action=Command::SetUnsaved, file='/home/hugo/git/suckless/dwm/config.def.h', unsavedFile='/home/hugo/.emacs.d/tmp/irony-unsaved-HitGvT', dir='', line=0, column=0, prefix='', caseStyle='exact', flags=[], opt=off}
execute: Command{action=Command::Parse, file='/home/hugo/git/suckless/dwm/config.def.h', unsavedFile='', dir='', line=0, column=0, prefix='', caseStyle='exact', flags=['-x', 'c'], opt=off}
execute: Command{action=Command::Diagnostics, file='', unsavedFile='', dir='', line=0, column=0, prefix='', caseStyle='exact', flags=[], opt=off}
execute: Command{action=Command::SetUnsaved, file='/home/hugo/git/suckless/dwm/config.def.h', unsavedFile='/home/hugo/.emacs.d/tmp/irony-unsaved-fDQwCJ', dir='', line=0, column=0, prefix='', caseStyle='exact', flags=[], opt=off}
execute: Command{action=Command::Parse, file='/home/hugo/git/suckless/dwm/config.def.h', unsavedFile='', dir='', line=0, column=0, prefix='', caseStyle='exact', flags=['-x', 'c'], opt=off}
execute: Command{action=Command::Diagnostics, file='', unsavedFile='', dir='', line=0, column=0, prefix='', caseStyle='exact', flags=[], opt=off}
execute: Command{action=Command::ResetUnsaved, file='/home/hugo/git/suckless/dwm/config.def.h', unsavedFile='', dir='', line=0, column=0, prefix='', caseStyle='exact', flags=[], opt=off}
execute: Command{action=Command::Parse, file='/home/hugo/git/suckless/dwm/config.def.h', unsavedFile='', dir='', line=0, column=0, prefix='', caseStyle='exact', flags=['-x', 'c'], opt=off}
execute: Command{action=Command::Diagnostics, file='', unsavedFile='', dir='', line=0, column=0, prefix='', caseStyle='exact', flags=[], opt=off}
execute: Command{action=Command::SetUnsaved, file='/home/hugo/git/suckless/dwm/config.def.h', unsavedFile='/home/hugo/.emacs.d/tmp/irony-unsaved-bGv3Jp', dir='', line=0, column=0, prefix='', caseStyle='exact', flags=[], opt=off}
execute: Command{action=Command::Parse, file='/home/hugo/git/suckless/dwm/config.def.h', unsavedFile='', dir='', line=0, column=0, prefix='', caseStyle='exact', flags=['-x', 'c'], opt=off}
execute: Command{action=Command::Diagnostics, file='', unsavedFile='', dir='', line=0, column=0, prefix='', caseStyle='exact', flags=[], opt=off}
execute: Command{action=Command::SetUnsaved, file='/home/hugo/git/suckless/dwm/config.def.h', unsavedFile='/home/hugo/.emacs.d/tmp/irony-unsaved-zloQT6', dir='', line=0, column=0, prefix='', caseStyle='exact', flags=[], opt=off}
execute: Command{action=Command::Parse, file='/home/hugo/git/suckless/dwm/config.def.h', unsavedFile='', dir='', line=0, column=0, prefix='', caseStyle='exact', flags=['-x', 'c'], opt=off}
execute: Command{action=Command::Diagnostics, file='', unsavedFile='', dir='', line=0, column=0, prefix='', caseStyle='exact', flags=[], opt=off}
execute: Command{action=Command::SetUnsaved, file='/home/hugo/git/suckless/dwm/config.def.h', unsavedFile='/home/hugo/.emacs.d/tmp/irony-unsaved-Mx2VF0', dir='', line=0, column=0, prefix='', caseStyle='exact', flags=[], opt=off}
execute: Command{action=Command::Parse, file='/home/hugo/git/suckless/dwm/config.def.h', unsavedFile='', dir='', line=0, column=0, prefix='', caseStyle='exact', flags=['-x', 'c'], opt=off}
execute: Command{action=Command::Diagnostics, file='', unsavedFile='', dir='', line=0, column=0, prefix='', caseStyle='exact', flags=[], opt=off}
execute: Command{action=Command::SetUnsaved, file='/home/hugo/git/suckless/dwm/config.def.h', unsavedFile='/home/hugo/.emacs.d/tmp/irony-unsaved-qkmdaU', dir='', line=0, column=0, prefix='', caseStyle='exact', flags=[], opt=off}
execute: Command{action=Command::Parse, file='/home/hugo/git/suckless/dwm/config.def.h', unsavedFile='', dir='', line=0, column=0, prefix='', caseStyle='exact', flags=['-x', 'c'], opt=off}
execute: Command{action=Command::Diagnostics, file='', unsavedFile='', dir='', line=0, column=0, prefix='', caseStyle='exact', flags=[], opt=off}
execute: Command{action=Command::SetUnsaved, file='/home/hugo/git/suckless/dwm/config.def.h', unsavedFile='/home/hugo/.emacs.d/tmp/irony-unsaved-2AbI8V', dir='', line=0, column=0, prefix='', caseStyle='exact', flags=[], opt=off}
execute: Command{action=Command::Parse, file='/home/hugo/git/suckless/dwm/config.def.h', unsavedFile='', dir='', line=0, column=0, prefix='', caseStyle='exact', flags=['-x', 'c'], opt=off}
execute: Command{action=Command::Diagnostics, file='', unsavedFile='', dir='', line=0, column=0, prefix='', caseStyle='exact', flags=[], opt=off}
execute: Command{action=Command::SetUnsaved, file='/home/hugo/git/suckless/dwm/config.def.h', unsavedFile='/home/hugo/.emacs.d/tmp/irony-unsaved-gPiNue', dir='', line=0, column=0, prefix='', caseStyle='exact', flags=[], opt=off}
execute: Command{action=Command::Parse, file='/home/hugo/git/suckless/dwm/config.def.h', unsavedFile='', dir='', line=0, column=0, prefix='', caseStyle='exact', flags=['-x', 'c'], opt=off}
execute: Command{action=Command::Diagnostics, file='', unsavedFile='', dir='', line=0, column=0, prefix='', caseStyle='exact', flags=[], opt=off}
execute: Command{action=Command::Complete, file='/home/hugo/git/suckless/dwm/config.def.h', unsavedFile='', dir='', line=129, column=23, prefix='', caseStyle='exact', flags=['-x', 'c'], opt=off}
execute: Command{action=Command::Candidates, file='', unsavedFile='', dir='', line=0, column=0, prefix='', caseStyle='exact', flags=[], opt=off}
execute: Command{action=Command::Complete, file='/home/hugo/git/suckless/dwm/config.def.h', unsavedFile='', dir='', line=128, column=84, prefix='', caseStyle='exact', flags=['-x', 'c'], opt=off}
execute: Command{action=Command::Candidates, file='', unsavedFile='', dir='', line=0, column=0, prefix='', caseStyle='exact', flags=[], opt=off}
execute: Command{action=Command::SetUnsaved, file='/home/hugo/git/suckless/dwm/config.def.h', unsavedFile='/home/hugo/.emacs.d/tmp/irony-unsaved-c6Pvd1', dir='', line=0, column=0, prefix='', caseStyle='exact', flags=[], opt=off}
execute: Command{action=Command::Parse, file='/home/hugo/git/suckless/dwm/config.def.h', unsavedFile='', dir='', line=0, column=0, prefix='', caseStyle='exact', flags=['-x', 'c'], opt=off}
execute: Command{action=Command::Diagnostics, file='', unsavedFile='', dir='', line=0, column=0, prefix='', caseStyle='exact', flags=[], opt=off}
execute: Command{action=Command::ResetUnsaved, file='/home/hugo/git/suckless/dwm/config.def.h', unsavedFile='', dir='', line=0, column=0, prefix='', caseStyle='exact', flags=[], opt=off}
execute: Command{action=Command::Parse, file='/home/hugo/git/suckless/dwm/config.def.h', unsavedFile='', dir='', line=0, column=0, prefix='', caseStyle='exact', flags=['-x', 'c'], opt=off}
execute: Command{action=Command::Diagnostics, file='', unsavedFile='', dir='', line=0, column=0, prefix='', caseStyle='exact', flags=[], opt=off}
execute: Command{action=Command::SetUnsaved, file='/home/hugo/git/suckless/dwm/config.def.h', unsavedFile='/home/hugo/.emacs.d/tmp/irony-unsaved-Xg4rN3', dir='', line=0, column=0, prefix='', caseStyle='exact', flags=[], opt=off}
execute: Command{action=Command::Parse, file='/home/hugo/git/suckless/dwm/config.def.h', unsavedFile='', dir='', line=0, column=0, prefix='', caseStyle='exact', flags=['-x', 'c'], opt=off}
execute: Command{action=Command::Diagnostics, file='', unsavedFile='', dir='', line=0, column=0, prefix='', caseStyle='exact', flags=[], opt=off}
execute: Command{action=Command::SetUnsaved, file='/home/hugo/git/suckless/dwm/config.def.h', unsavedFile='/home/hugo/.emacs.d/tmp/irony-unsaved-G4tJa9', dir='', line=0, column=0, prefix='', caseStyle='exact', flags=[], opt=off}
execute: Command{action=Command::Parse, file='/home/hugo/git/suckless/dwm/config.def.h', unsavedFile='', dir='', line=0, column=0, prefix='', caseStyle='exact', flags=['-x', 'c'], opt=off}
execute: Command{action=Command::Diagnostics, file='', unsavedFile='', dir='', line=0, column=0, prefix='', caseStyle='exact', flags=[], opt=off}
execute: Command{action=Command::SetUnsaved, file='/home/hugo/git/suckless/dwm/config.def.h', unsavedFile='/home/hugo/.emacs.d/tmp/irony-unsaved-Ti76Yl', dir='', line=0, column=0, prefix='', caseStyle='exact', flags=[], opt=off}
execute: Command{action=Command::Parse, file='/home/hugo/git/suckless/dwm/config.def.h', unsavedFile='', dir='', line=0, column=0, prefix='', caseStyle='exact', flags=['-x', 'c'], opt=off}
execute: Command{action=Command::Diagnostics, file='', unsavedFile='', dir='', line=0, column=0, prefix='', caseStyle='exact', flags=[], opt=off}
execute: Command{action=Command::SetUnsaved, file='/home/hugo/git/suckless/dwm/config.def.h', unsavedFile='/home/hugo/.emacs.d/tmp/irony-unsaved-PYkSMu', dir='', line=0, column=0, prefix='', caseStyle='exact', flags=[], opt=off}
execute: Command{action=Command::Parse, file='/home/hugo/git/suckless/dwm/config.def.h', unsavedFile='', dir='', line=0, column=0, prefix='', caseStyle='exact', flags=['-x', 'c'], opt=off}
execute: Command{action=Command::Diagnostics, file='', unsavedFile='', dir='', line=0, column=0, prefix='', caseStyle='exact', flags=[], opt=off}
execute: Command{action=Command::SetUnsaved, file='/home/hugo/git/suckless/dwm/config.def.h', unsavedFile='/home/hugo/.emacs.d/tmp/irony-unsaved-KULy6V', dir='', line=0, column=0, prefix='', caseStyle='exact', flags=[], opt=off}
execute: Command{action=Command::Parse, file='/home/hugo/git/suckless/dwm/config.def.h', unsavedFile='', dir='', line=0, column=0, prefix='', caseStyle='exact', flags=['-x', 'c'], opt=off}
execute: Command{action=Command::Diagnostics, file='', unsavedFile='', dir='', line=0, column=0, prefix='', caseStyle='exact', flags=[], opt=off}
execute: Command{action=Command::SetUnsaved, file='/home/hugo/git/suckless/dwm/config.def.h', unsavedFile='/home/hugo/.emacs.d/tmp/irony-unsaved-Yy8ryd', dir='', line=0, column=0, prefix='', caseStyle='exact', flags=[], opt=off}
execute: Command{action=Command::Parse, file='/home/hugo/git/suckless/dwm/config.def.h', unsavedFile='', dir='', line=0, column=0, prefix='', caseStyle='exact', flags=['-x', 'c'], opt=off}
execute: Command{action=Command::Diagnostics, file='', unsavedFile='', dir='', line=0, column=0, prefix='', caseStyle='exact', flags=[], opt=off}
execute: Command{action=Command::SetUnsaved, file='/home/hugo/git/suckless/dwm/config.def.h', unsavedFile='/home/hugo/.emacs.d/tmp/irony-unsaved-iyCQUf', dir='', line=0, column=0, prefix='', caseStyle='exact', flags=[], opt=off}
execute: Command{action=Command::Parse, file='/home/hugo/git/suckless/dwm/config.def.h', unsavedFile='', dir='', line=0, column=0, prefix='', caseStyle='exact', flags=['-x', 'c'], opt=off}
execute: Command{action=Command::Diagnostics, file='', unsavedFile='', dir='', line=0, column=0, prefix='', caseStyle='exact', flags=[], opt=off}
execute: Command{action=Command::ResetUnsaved, file='/home/hugo/git/suckless/dwm/config.def.h', unsavedFile='', dir='', line=0, column=0, prefix='', caseStyle='exact', flags=[], opt=off}
execute: Command{action=Command::Parse, file='/home/hugo/git/suckless/dwm/config.def.h', unsavedFile='', dir='', line=0, column=0, prefix='', caseStyle='exact', flags=['-x', 'c'], opt=off}
execute: Command{action=Command::Diagnostics, file='', unsavedFile='', dir='', line=0, column=0, prefix='', caseStyle='exact', flags=[], opt=off}
execute: Command{action=Command::SetUnsaved, file='/home/hugo/git/suckless/dwm/config.def.h', unsavedFile='/home/hugo/.emacs.d/tmp/irony-unsaved-mPwjNR', dir='', line=0, column=0, prefix='', caseStyle='exact', flags=[], opt=off}
execute: Command{action=Command::Parse, file='/home/hugo/git/suckless/dwm/config.def.h', unsavedFile='', dir='', line=0, column=0, prefix='', caseStyle='exact', flags=['-x', 'c'], opt=off}
execute: Command{action=Command::Diagnostics, file='', unsavedFile='', dir='', line=0, column=0, prefix='', caseStyle='exact', flags=[], opt=off}
execute: Command{action=Command::ResetUnsaved, file='/home/hugo/git/suckless/dwm/config.def.h', unsavedFile='', dir='', line=0, column=0, prefix='', caseStyle='exact', flags=[], opt=off}
execute: Command{action=Command::Parse, file='/home/hugo/git/suckless/dwm/config.def.h', unsavedFile='', dir='', line=0, column=0, prefix='', caseStyle='exact', flags=['-x', 'c'], opt=off}
execute: Command{action=Command::Diagnostics, file='', unsavedFile='', dir='', line=0, column=0, prefix='', caseStyle='exact', flags=[], opt=off}
execute: Command{action=Command::Complete, file='/home/hugo/git/suckless/dwm/config.def.h', unsavedFile='', dir='', line=129, column=84, prefix='', caseStyle='exact', flags=['-x', 'c'], opt=off}
execute: Command{action=Command::Candidates, file='', unsavedFile='', dir='', line=0, column=0, prefix='', caseStyle='exact', flags=[], opt=off}
execute: Command{action=Command::Complete, file='/home/hugo/git/suckless/dwm/config.def.h', unsavedFile='', dir='', line=164, column=5, prefix='', caseStyle='exact', flags=['-x', 'c'], opt=off}
execute: Command{action=Command::Candidates, file='', unsavedFile='', dir='', line=0, column=0, prefix='', caseStyle='exact', flags=[], opt=off}
execute: Command{action=Command::Complete, file='/home/hugo/git/suckless/dwm/config.def.h', unsavedFile='', dir='', line=32, column=19, prefix='', caseStyle='exact', flags=['-x', 'c'], opt=off}
execute: Command{action=Command::Candidates, file='', unsavedFile='', dir='', line=0, column=0, prefix='', caseStyle='exact', flags=[], opt=off}
