execute: Command{action=Command::Parse, file='/home/hugo/git/suckless/dwm/config.def.h', unsavedFile='', dir='', line=0, column=0, prefix='', caseStyle='exact', flags=['-x', 'c'], opt=off}
execute: Command{action=Command::Diagnostics, file='', unsavedFile='', dir='', line=0, column=0, prefix='', caseStyle='exact', flags=[], opt=off}
execute: Command{action=Command::SetUnsaved, file='/home/hugo/git/suckless/dwm/config.def.h', unsavedFile='/home/hugo/.emacs.d/tmp/irony-unsaved-rSJJfH', dir='', line=0, column=0, prefix='', caseStyle='exact', flags=[], opt=off}
execute: Command{action=Command::Parse, file='/home/hugo/git/suckless/dwm/config.def.h', unsavedFile='', dir='', line=0, column=0, prefix='', caseStyle='exact', flags=['-x', 'c'], opt=off}
execute: Command{action=Command::Diagnostics, file='', unsavedFile='', dir='', line=0, column=0, prefix='', caseStyle='exact', flags=[], opt=off}
execute: Command{action=Command::ResetUnsaved, file='/home/hugo/git/suckless/dwm/config.def.h', unsavedFile='', dir='', line=0, column=0, prefix='', caseStyle='exact', flags=[], opt=off}
execute: Command{action=Command::Parse, file='/home/hugo/git/suckless/dwm/config.def.h', unsavedFile='', dir='', line=0, column=0, prefix='', caseStyle='exact', flags=['-x', 'c'], opt=off}
execute: Command{action=Command::Diagnostics, file='', unsavedFile='', dir='', line=0, column=0, prefix='', caseStyle='exact', flags=[], opt=off}
execute: Command{action=Command::Complete, file='/home/hugo/git/suckless/dwm/config.def.h', unsavedFile='', dir='', line=160, column=46, prefix='', caseStyle='exact', flags=['-x', 'c'], opt=off}
execute: Command{action=Command::Candidates, file='', unsavedFile='', dir='', line=0, column=0, prefix='', caseStyle='exact', flags=[], opt=off}
execute: Command{action=Command::Complete, file='/home/hugo/git/suckless/dwm/config.def.h', unsavedFile='', dir='', line=162, column=46, prefix='', caseStyle='exact', flags=['-x', 'c'], opt=off}
execute: Command{action=Command::Candidates, file='', unsavedFile='', dir='', line=0, column=0, prefix='', caseStyle='exact', flags=[], opt=off}
execute: Command{action=Command::Complete, file='/home/hugo/git/suckless/dwm/config.def.h', unsavedFile='', dir='', line=171, column=5, prefix='', caseStyle='exact', flags=['-x', 'c'], opt=off}
execute: Command{action=Command::Candidates, file='', unsavedFile='', dir='', line=0, column=0, prefix='', caseStyle='exact', flags=[], opt=off}
execute: Command{action=Command::Complete, file='/home/hugo/git/suckless/dwm/config.def.h', unsavedFile='', dir='', line=172, column=5, prefix='', caseStyle='exact', flags=['-x', 'c'], opt=off}
execute: Command{action=Command::Candidates, file='', unsavedFile='', dir='', line=0, column=0, prefix='', caseStyle='exact', flags=[], opt=off}
execute: Command{action=Command::Complete, file='/home/hugo/git/suckless/dwm/config.def.h', unsavedFile='', dir='', line=190, column=43, prefix='', caseStyle='exact', flags=['-x', 'c'], opt=off}
execute: Command{action=Command::Candidates, file='', unsavedFile='', dir='', line=0, column=0, prefix='', caseStyle='exact', flags=[], opt=off}
execute: Command{action=Command::Complete, file='/home/hugo/git/suckless/dwm/config.def.h', unsavedFile='', dir='', line=189, column=43, prefix='', caseStyle='exact', flags=['-x', 'c'], opt=off}
execute: Command{action=Command::Candidates, file='', unsavedFile='', dir='', line=0, column=0, prefix='', caseStyle='exact', flags=[], opt=off}
execute: Command{action=Command::Complete, file='/home/hugo/git/suckless/dwm/config.def.h', unsavedFile='', dir='', line=146, column=45, prefix='', caseStyle='exact', flags=['-x', 'c'], opt=off}
execute: Command{action=Command::Candidates, file='', unsavedFile='', dir='', line=0, column=0, prefix='', caseStyle='exact', flags=[], opt=off}
execute: Command{action=Command::Complete, file='/home/hugo/git/suckless/dwm/config.def.h', unsavedFile='', dir='', line=161, column=46, prefix='', caseStyle='exact', flags=['-x', 'c'], opt=off}
execute: Command{action=Command::Candidates, file='', unsavedFile='', dir='', line=0, column=0, prefix='', caseStyle='exact', flags=[], opt=off}
execute: Command{action=Command::Complete, file='/home/hugo/git/suckless/dwm/config.def.h', unsavedFile='', dir='', line=157, column=46, prefix='', caseStyle='exact', flags=['-x', 'c'], opt=off}
execute: Command{action=Command::Candidates, file='', unsavedFile='', dir='', line=0, column=0, prefix='', caseStyle='exact', flags=[], opt=off}
execute: Command{action=Command::Complete, file='/home/hugo/git/suckless/dwm/config.def.h', unsavedFile='', dir='', line=159, column=46, prefix='', caseStyle='exact', flags=['-x', 'c'], opt=off}
execute: Command{action=Command::Candidates, file='', unsavedFile='', dir='', line=0, column=0, prefix='', caseStyle='exact', flags=[], opt=off}
execute: Command{action=Command::Complete, file='/home/hugo/git/suckless/dwm/config.def.h', unsavedFile='', dir='', line=188, column=43, prefix='', caseStyle='exact', flags=['-x', 'c'], opt=off}
execute: Command{action=Command::Candidates, file='', unsavedFile='', dir='', line=0, column=0, prefix='', caseStyle='exact', flags=[], opt=off}
execute: Command{action=Command::Complete, file='/home/hugo/git/suckless/dwm/config.def.h', unsavedFile='', dir='', line=152, column=46, prefix='', caseStyle='exact', flags=['-x', 'c'], opt=off}
execute: Command{action=Command::Candidates, file='', unsavedFile='', dir='', line=0, column=0, prefix='', caseStyle='exact', flags=[], opt=off}
execute: Command{action=Command::Complete, file='/home/hugo/git/suckless/dwm/config.def.h', unsavedFile='', dir='', line=155, column=46, prefix='', caseStyle='exact', flags=['-x', 'c'], opt=off}
execute: Command{action=Command::Candidates, file='', unsavedFile='', dir='', line=0, column=0, prefix='', caseStyle='exact', flags=[], opt=off}
execute: Command{action=Command::Complete, file='/home/hugo/git/suckless/dwm/config.def.h', unsavedFile='', dir='', line=148, column=46, prefix='', caseStyle='exact', flags=['-x', 'c'], opt=off}
execute: Command{action=Command::Candidates, file='', unsavedFile='', dir='', line=0, column=0, prefix='', caseStyle='exact', flags=[], opt=off}
execute: Command{action=Command::Complete, file='/home/hugo/git/suckless/dwm/config.def.h', unsavedFile='', dir='', line=147, column=46, prefix='', caseStyle='exact', flags=['-x', 'c'], opt=off}
execute: Command{action=Command::Candidates, file='', unsavedFile='', dir='', line=0, column=0, prefix='', caseStyle='exact', flags=[], opt=off}
execute: Command{action=Command::Complete, file='/home/hugo/git/suckless/dwm/config.def.h', unsavedFile='', dir='', line=150, column=46, prefix='', caseStyle='exact', flags=['-x', 'c'], opt=off}
execute: Command{action=Command::Candidates, file='', unsavedFile='', dir='', line=0, column=0, prefix='', caseStyle='exact', flags=[], opt=off}
execute: Command{action=Command::Complete, file='/home/hugo/git/suckless/dwm/config.def.h', unsavedFile='', dir='', line=151, column=46, prefix='', caseStyle='exact', flags=['-x', 'c'], opt=off}
execute: Command{action=Command::Candidates, file='', unsavedFile='', dir='', line=0, column=0, prefix='', caseStyle='exact', flags=[], opt=off}
execute: Command{action=Command::SetUnsaved, file='/home/hugo/git/suckless/dwm/config.def.h', unsavedFile='/home/hugo/.emacs.d/tmp/irony-unsaved-s62qIF', dir='', line=0, column=0, prefix='', caseStyle='exact', flags=[], opt=off}
execute: Command{action=Command::Parse, file='/home/hugo/git/suckless/dwm/config.def.h', unsavedFile='', dir='', line=0, column=0, prefix='', caseStyle='exact', flags=['-x', 'c'], opt=off}
execute: Command{action=Command::Diagnostics, file='', unsavedFile='', dir='', line=0, column=0, prefix='', caseStyle='exact', flags=[], opt=off}
execute: Command{action=Command::ResetUnsaved, file='/home/hugo/git/suckless/dwm/config.def.h', unsavedFile='', dir='', line=0, column=0, prefix='', caseStyle='exact', flags=[], opt=off}
execute: Command{action=Command::Parse, file='/home/hugo/git/suckless/dwm/config.def.h', unsavedFile='', dir='', line=0, column=0, prefix='', caseStyle='exact', flags=['-x', 'c'], opt=off}
execute: Command{action=Command::Diagnostics, file='', unsavedFile='', dir='', line=0, column=0, prefix='', caseStyle='exact', flags=[], opt=off}
execute: Command{action=Command::SetUnsaved, file='/home/hugo/git/suckless/dwm/config.def.h', unsavedFile='/home/hugo/.emacs.d/tmp/irony-unsaved-wC1zLV', dir='', line=0, column=0, prefix='', caseStyle='exact', flags=[], opt=off}
execute: Command{action=Command::Parse, file='/home/hugo/git/suckless/dwm/config.def.h', unsavedFile='', dir='', line=0, column=0, prefix='', caseStyle='exact', flags=['-x', 'c'], opt=off}
execute: Command{action=Command::Diagnostics, file='', unsavedFile='', dir='', line=0, column=0, prefix='', caseStyle='exact', flags=[], opt=off}
execute: Command{action=Command::ResetUnsaved, file='/home/hugo/git/suckless/dwm/config.def.h', unsavedFile='', dir='', line=0, column=0, prefix='', caseStyle='exact', flags=[], opt=off}
execute: Command{action=Command::Parse, file='/home/hugo/git/suckless/dwm/config.def.h', unsavedFile='', dir='', line=0, column=0, prefix='', caseStyle='exact', flags=['-x', 'c'], opt=off}
execute: Command{action=Command::Diagnostics, file='', unsavedFile='', dir='', line=0, column=0, prefix='', caseStyle='exact', flags=[], opt=off}
execute: Command{action=Command::Complete, file='/home/hugo/git/suckless/dwm/config.def.h', unsavedFile='', dir='', line=154, column=5, prefix='', caseStyle='exact', flags=['-x', 'c'], opt=off}
execute: Command{action=Command::Candidates, file='', unsavedFile='', dir='', line=0, column=0, prefix='MODKEY', caseStyle='exact', flags=[], opt=off}
execute: Command{action=Command::SetUnsaved, file='/home/hugo/git/suckless/dwm/config.def.h', unsavedFile='/home/hugo/.emacs.d/tmp/irony-unsaved-fZPUV7', dir='', line=0, column=0, prefix='', caseStyle='exact', flags=[], opt=off}
execute: Command{action=Command::Parse, file='/home/hugo/git/suckless/dwm/config.def.h', unsavedFile='', dir='', line=0, column=0, prefix='', caseStyle='exact', flags=['-x', 'c'], opt=off}
execute: Command{action=Command::Diagnostics, file='', unsavedFile='', dir='', line=0, column=0, prefix='', caseStyle='exact', flags=[], opt=off}
execute: Command{action=Command::SetUnsaved, file='/home/hugo/git/suckless/dwm/config.def.h', unsavedFile='/home/hugo/.emacs.d/tmp/irony-unsaved-ntZdbg', dir='', line=0, column=0, prefix='', caseStyle='exact', flags=[], opt=off}
execute: Command{action=Command::Parse, file='/home/hugo/git/suckless/dwm/config.def.h', unsavedFile='', dir='', line=0, column=0, prefix='', caseStyle='exact', flags=['-x', 'c'], opt=off}
execute: Command{action=Command::Diagnostics, file='', unsavedFile='', dir='', line=0, column=0, prefix='', caseStyle='exact', flags=[], opt=off}
execute: Command{action=Command::SetUnsaved, file='/home/hugo/git/suckless/dwm/config.def.h', unsavedFile='/home/hugo/.emacs.d/tmp/irony-unsaved-GdySIK', dir='', line=0, column=0, prefix='', caseStyle='exact', flags=[], opt=off}
execute: Command{action=Command::Parse, file='/home/hugo/git/suckless/dwm/config.def.h', unsavedFile='', dir='', line=0, column=0, prefix='', caseStyle='exact', flags=['-x', 'c'], opt=off}
execute: Command{action=Command::Diagnostics, file='', unsavedFile='', dir='', line=0, column=0, prefix='', caseStyle='exact', flags=[], opt=off}
execute: Command{action=Command::SetUnsaved, file='/home/hugo/git/suckless/dwm/config.def.h', unsavedFile='/home/hugo/.emacs.d/tmp/irony-unsaved-Oc0Xo8', dir='', line=0, column=0, prefix='', caseStyle='exact', flags=[], opt=off}
execute: Command{action=Command::Parse, file='/home/hugo/git/suckless/dwm/config.def.h', unsavedFile='', dir='', line=0, column=0, prefix='', caseStyle='exact', flags=['-x', 'c'], opt=off}
execute: Command{action=Command::Diagnostics, file='', unsavedFile='', dir='', line=0, column=0, prefix='', caseStyle='exact', flags=[], opt=off}
execute: Command{action=Command::SetUnsaved, file='/home/hugo/git/suckless/dwm/config.def.h', unsavedFile='/home/hugo/.emacs.d/tmp/irony-unsaved-biTbo1', dir='', line=0, column=0, prefix='', caseStyle='exact', flags=[], opt=off}
execute: Command{action=Command::Parse, file='/home/hugo/git/suckless/dwm/config.def.h', unsavedFile='', dir='', line=0, column=0, prefix='', caseStyle='exact', flags=['-x', 'c'], opt=off}
execute: Command{action=Command::Diagnostics, file='', unsavedFile='', dir='', line=0, column=0, prefix='', caseStyle='exact', flags=[], opt=off}
execute: Command{action=Command::SetUnsaved, file='/home/hugo/git/suckless/dwm/config.def.h', unsavedFile='/home/hugo/.emacs.d/tmp/irony-unsaved-fUnMWM', dir='', line=0, column=0, prefix='', caseStyle='exact', flags=[], opt=off}
execute: Command{action=Command::Parse, file='/home/hugo/git/suckless/dwm/config.def.h', unsavedFile='', dir='', line=0, column=0, prefix='', caseStyle='exact', flags=['-x', 'c'], opt=off}
execute: Command{action=Command::Diagnostics, file='', unsavedFile='', dir='', line=0, column=0, prefix='', caseStyle='exact', flags=[], opt=off}
execute: Command{action=Command::ResetUnsaved, file='/home/hugo/git/suckless/dwm/config.def.h', unsavedFile='', dir='', line=0, column=0, prefix='', caseStyle='exact', flags=[], opt=off}
execute: Command{action=Command::Parse, file='/home/hugo/git/suckless/dwm/config.def.h', unsavedFile='', dir='', line=0, column=0, prefix='', caseStyle='exact', flags=['-x', 'c'], opt=off}
execute: Command{action=Command::Diagnostics, file='', unsavedFile='', dir='', line=0, column=0, prefix='', caseStyle='exact', flags=[], opt=off}
execute: Command{action=Command::SetUnsaved, file='/home/hugo/git/suckless/dwm/config.def.h', unsavedFile='/home/hugo/.emacs.d/tmp/irony-unsaved-QVp8j5', dir='', line=0, column=0, prefix='', caseStyle='exact', flags=[], opt=off}
execute: Command{action=Command::Parse, file='/home/hugo/git/suckless/dwm/config.def.h', unsavedFile='', dir='', line=0, column=0, prefix='', caseStyle='exact', flags=['-x', 'c'], opt=off}
execute: Command{action=Command::Diagnostics, file='', unsavedFile='', dir='', line=0, column=0, prefix='', caseStyle='exact', flags=[], opt=off}
execute: Command{action=Command::SetUnsaved, file='/home/hugo/git/suckless/dwm/config.def.h', unsavedFile='/home/hugo/.emacs.d/tmp/irony-unsaved-NhqFuf', dir='', line=0, column=0, prefix='', caseStyle='exact', flags=[], opt=off}
execute: Command{action=Command::Parse, file='/home/hugo/git/suckless/dwm/config.def.h', unsavedFile='', dir='', line=0, column=0, prefix='', caseStyle='exact', flags=['-x', 'c'], opt=off}
execute: Command{action=Command::Diagnostics, file='', unsavedFile='', dir='', line=0, column=0, prefix='', caseStyle='exact', flags=[], opt=off}
execute: Command{action=Command::SetUnsaved, file='/home/hugo/git/suckless/dwm/config.def.h', unsavedFile='/home/hugo/.emacs.d/tmp/irony-unsaved-p5gXOs', dir='', line=0, column=0, prefix='', caseStyle='exact', flags=[], opt=off}
execute: Command{action=Command::Parse, file='/home/hugo/git/suckless/dwm/config.def.h', unsavedFile='', dir='', line=0, column=0, prefix='', caseStyle='exact', flags=['-x', 'c'], opt=off}
execute: Command{action=Command::Diagnostics, file='', unsavedFile='', dir='', line=0, column=0, prefix='', caseStyle='exact', flags=[], opt=off}
execute: Command{action=Command::SetUnsaved, file='/home/hugo/git/suckless/dwm/config.def.h', unsavedFile='/home/hugo/.emacs.d/tmp/irony-unsaved-lxb311', dir='', line=0, column=0, prefix='', caseStyle='exact', flags=[], opt=off}
execute: Command{action=Command::Complete, file='/home/hugo/git/suckless/dwm/config.def.h', unsavedFile='', dir='', line=156, column=26, prefix='', caseStyle='exact', flags=['-x', 'c'], opt=off}
execute: Command{action=Command::Candidates, file='', unsavedFile='', dir='', line=0, column=0, prefix='', caseStyle='exact', flags=[], opt=off}
execute: Command{action=Command::SetUnsaved, file='/home/hugo/git/suckless/dwm/config.def.h', unsavedFile='/home/hugo/.emacs.d/tmp/irony-unsaved-QB0x9d', dir='', line=0, column=0, prefix='', caseStyle='exact', flags=[], opt=off}
execute: Command{action=Command::Parse, file='/home/hugo/git/suckless/dwm/config.def.h', unsavedFile='', dir='', line=0, column=0, prefix='', caseStyle='exact', flags=['-x', 'c'], opt=off}
execute: Command{action=Command::Diagnostics, file='', unsavedFile='', dir='', line=0, column=0, prefix='', caseStyle='exact', flags=[], opt=off}
execute: Command{action=Command::Complete, file='/home/hugo/git/suckless/dwm/config.def.h', unsavedFile='', dir='', line=156, column=37, prefix='', caseStyle='exact', flags=['-x', 'c'], opt=off}
execute: Command{action=Command::Candidates, file='', unsavedFile='', dir='', line=0, column=0, prefix='', caseStyle='exact', flags=[], opt=off}
execute: Command{action=Command::SetUnsaved, file='/home/hugo/git/suckless/dwm/config.def.h', unsavedFile='/home/hugo/.emacs.d/tmp/irony-unsaved-etUXJh', dir='', line=0, column=0, prefix='', caseStyle='exact', flags=[], opt=off}
execute: Command{action=Command::Parse, file='/home/hugo/git/suckless/dwm/config.def.h', unsavedFile='', dir='', line=0, column=0, prefix='', caseStyle='exact', flags=['-x', 'c'], opt=off}
execute: Command{action=Command::Diagnostics, file='', unsavedFile='', dir='', line=0, column=0, prefix='', caseStyle='exact', flags=[], opt=off}
execute: Command{action=Command::ResetUnsaved, file='/home/hugo/git/suckless/dwm/config.def.h', unsavedFile='', dir='', line=0, column=0, prefix='', caseStyle='exact', flags=[], opt=off}
execute: Command{action=Command::Parse, file='/home/hugo/git/suckless/dwm/config.def.h', unsavedFile='', dir='', line=0, column=0, prefix='', caseStyle='exact', flags=['-x', 'c'], opt=off}
execute: Command{action=Command::Diagnostics, file='', unsavedFile='', dir='', line=0, column=0, prefix='', caseStyle='exact', flags=[], opt=off}
execute: Command{action=Command::SetUnsaved, file='/home/hugo/git/suckless/dwm/config.def.h', unsavedFile='/home/hugo/.emacs.d/tmp/irony-unsaved-AKMJBc', dir='', line=0, column=0, prefix='', caseStyle='exact', flags=[], opt=off}
execute: Command{action=Command::Parse, file='/home/hugo/git/suckless/dwm/config.def.h', unsavedFile='', dir='', line=0, column=0, prefix='', caseStyle='exact', flags=['-x', 'c'], opt=off}
execute: Command{action=Command::Diagnostics, file='', unsavedFile='', dir='', line=0, column=0, prefix='', caseStyle='exact', flags=[], opt=off}
execute: Command{action=Command::ResetUnsaved, file='/home/hugo/git/suckless/dwm/config.def.h', unsavedFile='', dir='', line=0, column=0, prefix='', caseStyle='exact', flags=[], opt=off}
execute: Command{action=Command::Parse, file='/home/hugo/git/suckless/dwm/config.def.h', unsavedFile='', dir='', line=0, column=0, prefix='', caseStyle='exact', flags=['-x', 'c'], opt=off}
execute: Command{action=Command::Diagnostics, file='', unsavedFile='', dir='', line=0, column=0, prefix='', caseStyle='exact', flags=[], opt=off}
execute: Command{action=Command::Complete, file='/home/hugo/git/suckless/dwm/config.def.h', unsavedFile='', dir='', line=152, column=5, prefix='', caseStyle='exact', flags=['-x', 'c'], opt=off}
execute: Command{action=Command::Candidates, file='', unsavedFile='', dir='', line=0, column=0, prefix='', caseStyle='exact', flags=[], opt=off}
execute: Command{action=Command::SetUnsaved, file='/home/hugo/git/suckless/dwm/config.def.h', unsavedFile='/home/hugo/.emacs.d/tmp/irony-unsaved-Q5qH1a', dir='', line=0, column=0, prefix='', caseStyle='exact', flags=[], opt=off}
execute: Command{action=Command::Parse, file='/home/hugo/git/suckless/dwm/config.def.h', unsavedFile='', dir='', line=0, column=0, prefix='', caseStyle='exact', flags=['-x', 'c'], opt=off}
execute: Command{action=Command::Diagnostics, file='', unsavedFile='', dir='', line=0, column=0, prefix='', caseStyle='exact', flags=[], opt=off}
execute: Command{action=Command::ResetUnsaved, file='/home/hugo/git/suckless/dwm/config.def.h', unsavedFile='', dir='', line=0, column=0, prefix='', caseStyle='exact', flags=[], opt=off}
execute: Command{action=Command::Parse, file='/home/hugo/git/suckless/dwm/config.def.h', unsavedFile='', dir='', line=0, column=0, prefix='', caseStyle='exact', flags=['-x', 'c'], opt=off}
execute: Command{action=Command::Diagnostics, file='', unsavedFile='', dir='', line=0, column=0, prefix='', caseStyle='exact', flags=[], opt=off}
execute: Command{action=Command::Complete, file='/home/hugo/git/suckless/dwm/config.def.h', unsavedFile='', dir='', line=154, column=35, prefix='', caseStyle='exact', flags=['-x', 'c'], opt=off}
execute: Command{action=Command::Candidates, file='', unsavedFile='', dir='', line=0, column=0, prefix='', caseStyle='exact', flags=[], opt=off}
execute: Command{action=Command::SetUnsaved, file='/home/hugo/git/suckless/dwm/config.def.h', unsavedFile='/home/hugo/.emacs.d/tmp/irony-unsaved-tYGPzS', dir='', line=0, column=0, prefix='', caseStyle='exact', flags=[], opt=off}
execute: Command{action=Command::Parse, file='/home/hugo/git/suckless/dwm/config.def.h', unsavedFile='', dir='', line=0, column=0, prefix='', caseStyle='exact', flags=['-x', 'c'], opt=off}
execute: Command{action=Command::Diagnostics, file='', unsavedFile='', dir='', line=0, column=0, prefix='', caseStyle='exact', flags=[], opt=off}
execute: Command{action=Command::SetUnsaved, file='/home/hugo/git/suckless/dwm/config.def.h', unsavedFile='/home/hugo/.emacs.d/tmp/irony-unsaved-3z0b0H', dir='', line=0, column=0, prefix='', caseStyle='exact', flags=[], opt=off}
execute: Command{action=Command::Parse, file='/home/hugo/git/suckless/dwm/config.def.h', unsavedFile='', dir='', line=0, column=0, prefix='', caseStyle='exact', flags=['-x', 'c'], opt=off}
execute: Command{action=Command::Diagnostics, file='', unsavedFile='', dir='', line=0, column=0, prefix='', caseStyle='exact', flags=[], opt=off}
execute: Command{action=Command::SetUnsaved, file='/home/hugo/git/suckless/dwm/config.def.h', unsavedFile='/home/hugo/.emacs.d/tmp/irony-unsaved-SlBgVj', dir='', line=0, column=0, prefix='', caseStyle='exact', flags=[], opt=off}
execute: Command{action=Command::Parse, file='/home/hugo/git/suckless/dwm/config.def.h', unsavedFile='', dir='', line=0, column=0, prefix='', caseStyle='exact', flags=['-x', 'c'], opt=off}
execute: Command{action=Command::Diagnostics, file='', unsavedFile='', dir='', line=0, column=0, prefix='', caseStyle='exact', flags=[], opt=off}
execute: Command{action=Command::SetUnsaved, file='/home/hugo/git/suckless/dwm/config.def.h', unsavedFile='/home/hugo/.emacs.d/tmp/irony-unsaved-x96Bui', dir='', line=0, column=0, prefix='', caseStyle='exact', flags=[], opt=off}
execute: Command{action=Command::Parse, file='/home/hugo/git/suckless/dwm/config.def.h', unsavedFile='', dir='', line=0, column=0, prefix='', caseStyle='exact', flags=['-x', 'c'], opt=off}
execute: Command{action=Command::Diagnostics, file='', unsavedFile='', dir='', line=0, column=0, prefix='', caseStyle='exact', flags=[], opt=off}
execute: Command{action=Command::SetUnsaved, file='/home/hugo/git/suckless/dwm/config.def.h', unsavedFile='/home/hugo/.emacs.d/tmp/irony-unsaved-1bNLtf', dir='', line=0, column=0, prefix='', caseStyle='exact', flags=[], opt=off}
execute: Command{action=Command::Parse, file='/home/hugo/git/suckless/dwm/config.def.h', unsavedFile='', dir='', line=0, column=0, prefix='', caseStyle='exact', flags=['-x', 'c'], opt=off}
execute: Command{action=Command::Diagnostics, file='', unsavedFile='', dir='', line=0, column=0, prefix='', caseStyle='exact', flags=[], opt=off}
execute: Command{action=Command::SetUnsaved, file='/home/hugo/git/suckless/dwm/config.def.h', unsavedFile='/home/hugo/.emacs.d/tmp/irony-unsaved-UV2JZ0', dir='', line=0, column=0, prefix='', caseStyle='exact', flags=[], opt=off}
execute: Command{action=Command::Parse, file='/home/hugo/git/suckless/dwm/config.def.h', unsavedFile='', dir='', line=0, column=0, prefix='', caseStyle='exact', flags=['-x', 'c'], opt=off}
execute: Command{action=Command::Diagnostics, file='', unsavedFile='', dir='', line=0, column=0, prefix='', caseStyle='exact', flags=[], opt=off}
execute: Command{action=Command::ResetUnsaved, file='/home/hugo/git/suckless/dwm/config.def.h', unsavedFile='', dir='', line=0, column=0, prefix='', caseStyle='exact', flags=[], opt=off}
execute: Command{action=Command::Parse, file='/home/hugo/git/suckless/dwm/config.def.h', unsavedFile='', dir='', line=0, column=0, prefix='', caseStyle='exact', flags=['-x', 'c'], opt=off}
execute: Command{action=Command::Diagnostics, file='', unsavedFile='', dir='', line=0, column=0, prefix='', caseStyle='exact', flags=[], opt=off}
execute: Command{action=Command::Complete, file='/home/hugo/git/suckless/dwm/config.def.h', unsavedFile='', dir='', line=154, column=41, prefix='', caseStyle='exact', flags=['-x', 'c'], opt=off}
execute: Command{action=Command::Candidates, file='', unsavedFile='', dir='', line=0, column=0, prefix='', caseStyle='exact', flags=[], opt=off}
execute: Command{action=Command::SetUnsaved, file='/home/hugo/git/suckless/dwm/config.def.h', unsavedFile='/home/hugo/.emacs.d/tmp/irony-unsaved-rAeehl', dir='', line=0, column=0, prefix='', caseStyle='exact', flags=[], opt=off}
execute: Command{action=Command::Parse, file='/home/hugo/git/suckless/dwm/config.def.h', unsavedFile='', dir='', line=0, column=0, prefix='', caseStyle='exact', flags=['-x', 'c'], opt=off}
execute: Command{action=Command::Diagnostics, file='', unsavedFile='', dir='', line=0, column=0, prefix='', caseStyle='exact', flags=[], opt=off}
execute: Command{action=Command::Complete, file='/home/hugo/git/suckless/dwm/config.def.h', unsavedFile='', dir='', line=154, column=42, prefix='', caseStyle='exact', flags=['-x', 'c'], opt=off}
execute: Command{action=Command::Candidates, file='', unsavedFile='', dir='', line=0, column=0, prefix='', caseStyle='exact', flags=[], opt=off}
execute: Command{action=Command::SetUnsaved, file='/home/hugo/git/suckless/dwm/config.def.h', unsavedFile='/home/hugo/.emacs.d/tmp/irony-unsaved-9QQdo3', dir='', line=0, column=0, prefix='', caseStyle='exact', flags=[], opt=off}
execute: Command{action=Command::Parse, file='/home/hugo/git/suckless/dwm/config.def.h', unsavedFile='', dir='', line=0, column=0, prefix='', caseStyle='exact', flags=['-x', 'c'], opt=off}
execute: Command{action=Command::Diagnostics, file='', unsavedFile='', dir='', line=0, column=0, prefix='', caseStyle='exact', flags=[], opt=off}
execute: Command{action=Command::Complete, file='/home/hugo/git/suckless/dwm/config.def.h', unsavedFile='', dir='', line=154, column=46, prefix='', caseStyle='exact', flags=['-x', 'c'], opt=off}
execute: Command{action=Command::Candidates, file='', unsavedFile='', dir='', line=0, column=0, prefix='', caseStyle='exact', flags=[], opt=off}
execute: Command{action=Command::SetUnsaved, file='/home/hugo/git/suckless/dwm/config.def.h', unsavedFile='/home/hugo/.emacs.d/tmp/irony-unsaved-riyt08', dir='', line=0, column=0, prefix='', caseStyle='exact', flags=[], opt=off}
execute: Command{action=Command::Parse, file='/home/hugo/git/suckless/dwm/config.def.h', unsavedFile='', dir='', line=0, column=0, prefix='', caseStyle='exact', flags=['-x', 'c'], opt=off}
execute: Command{action=Command::Diagnostics, file='', unsavedFile='', dir='', line=0, column=0, prefix='', caseStyle='exact', flags=[], opt=off}
execute: Command{action=Command::ResetUnsaved, file='/home/hugo/git/suckless/dwm/config.def.h', unsavedFile='', dir='', line=0, column=0, prefix='', caseStyle='exact', flags=[], opt=off}
execute: Command{action=Command::Parse, file='/home/hugo/git/suckless/dwm/config.def.h', unsavedFile='', dir='', line=0, column=0, prefix='', caseStyle='exact', flags=['-x', 'c'], opt=off}
execute: Command{action=Command::Diagnostics, file='', unsavedFile='', dir='', line=0, column=0, prefix='', caseStyle='exact', flags=[], opt=off}
execute: Command{action=Command::Complete, file='/home/hugo/git/suckless/dwm/config.def.h', unsavedFile='', dir='', line=170, column=3, prefix='', caseStyle='exact', flags=['-x', 'c'], opt=off}
execute: Command{action=Command::Candidates, file='', unsavedFile='', dir='', line=0, column=0, prefix='', caseStyle='exact', flags=[], opt=off}
execute: Command{action=Command::SetUnsaved, file='/home/hugo/git/suckless/dwm/config.def.h', unsavedFile='/home/hugo/.emacs.d/tmp/irony-unsaved-lhWtzF', dir='', line=0, column=0, prefix='', caseStyle='exact', flags=[], opt=off}
execute: Command{action=Command::Parse, file='/home/hugo/git/suckless/dwm/config.def.h', unsavedFile='', dir='', line=0, column=0, prefix='', caseStyle='exact', flags=['-x', 'c'], opt=off}
execute: Command{action=Command::Diagnostics, file='', unsavedFile='', dir='', line=0, column=0, prefix='', caseStyle='exact', flags=[], opt=off}
execute: Command{action=Command::Complete, file='/home/hugo/git/suckless/dwm/config.def.h', unsavedFile='', dir='', line=170, column=37, prefix='', caseStyle='exact', flags=['-x', 'c'], opt=off}
execute: Command{action=Command::Candidates, file='', unsavedFile='', dir='', line=0, column=0, prefix='', caseStyle='exact', flags=[], opt=off}
execute: Command{action=Command::ResetUnsaved, file='/home/hugo/git/suckless/dwm/config.def.h', unsavedFile='', dir='', line=0, column=0, prefix='', caseStyle='exact', flags=[], opt=off}
execute: Command{action=Command::Parse, file='/home/hugo/git/suckless/dwm/config.def.h', unsavedFile='', dir='', line=0, column=0, prefix='', caseStyle='exact', flags=['-x', 'c'], opt=off}
execute: Command{action=Command::Diagnostics, file='', unsavedFile='', dir='', line=0, column=0, prefix='', caseStyle='exact', flags=[], opt=off}
execute: Command{action=Command::Complete, file='/home/hugo/git/suckless/dwm/config.def.h', unsavedFile='', dir='', line=169, column=35, prefix='', caseStyle='exact', flags=['-x', 'c'], opt=off}
execute: Command{action=Command::Candidates, file='', unsavedFile='', dir='', line=0, column=0, prefix='', caseStyle='exact', flags=[], opt=off}
execute: Command{action=Command::Complete, file='/home/hugo/git/suckless/dwm/config.def.h', unsavedFile='', dir='', line=168, column=35, prefix='', caseStyle='exact', flags=['-x', 'c'], opt=off}
execute: Command{action=Command::Candidates, file='', unsavedFile='', dir='', line=0, column=0, prefix='', caseStyle='exact', flags=[], opt=off}
execute: Command{action=Command::SetUnsaved, file='/home/hugo/git/suckless/dwm/config.def.h', unsavedFile='/home/hugo/.emacs.d/tmp/irony-unsaved-bpEyvI', dir='', line=0, column=0, prefix='', caseStyle='exact', flags=[], opt=off}
execute: Command{action=Command::Parse, file='/home/hugo/git/suckless/dwm/config.def.h', unsavedFile='', dir='', line=0, column=0, prefix='', caseStyle='exact', flags=['-x', 'c'], opt=off}
execute: Command{action=Command::Diagnostics, file='', unsavedFile='', dir='', line=0, column=0, prefix='', caseStyle='exact', flags=[], opt=off}
execute: Command{action=Command::SetUnsaved, file='/home/hugo/git/suckless/dwm/config.def.h', unsavedFile='/home/hugo/.emacs.d/tmp/irony-unsaved-5F7fAp', dir='', line=0, column=0, prefix='', caseStyle='exact', flags=[], opt=off}
execute: Command{action=Command::Parse, file='/home/hugo/git/suckless/dwm/config.def.h', unsavedFile='', dir='', line=0, column=0, prefix='', caseStyle='exact', flags=['-x', 'c'], opt=off}
execute: Command{action=Command::Diagnostics, file='', unsavedFile='', dir='', line=0, column=0, prefix='', caseStyle='exact', flags=[], opt=off}
execute: Command{action=Command::SetUnsaved, file='/home/hugo/git/suckless/dwm/config.def.h', unsavedFile='/home/hugo/.emacs.d/tmp/irony-unsaved-un1CiI', dir='', line=0, column=0, prefix='', caseStyle='exact', flags=[], opt=off}
execute: Command{action=Command::Parse, file='/home/hugo/git/suckless/dwm/config.def.h', unsavedFile='', dir='', line=0, column=0, prefix='', caseStyle='exact', flags=['-x', 'c'], opt=off}
execute: Command{action=Command::Diagnostics, file='', unsavedFile='', dir='', line=0, column=0, prefix='', caseStyle='exact', flags=[], opt=off}
execute: Command{action=Command::Complete, file='/home/hugo/git/suckless/dwm/config.def.h', unsavedFile='', dir='', line=140, column=43, prefix='', caseStyle='exact', flags=['-x', 'c'], opt=off}
execute: Command{action=Command::Candidates, file='', unsavedFile='', dir='', line=0, column=0, prefix='', caseStyle='exact', flags=[], opt=off}
execute: Command{action=Command::ResetUnsaved, file='/home/hugo/git/suckless/dwm/config.def.h', unsavedFile='', dir='', line=0, column=0, prefix='', caseStyle='exact', flags=[], opt=off}
execute: Command{action=Command::Parse, file='/home/hugo/git/suckless/dwm/config.def.h', unsavedFile='', dir='', line=0, column=0, prefix='', caseStyle='exact', flags=['-x', 'c'], opt=off}
execute: Command{action=Command::Diagnostics, file='', unsavedFile='', dir='', line=0, column=0, prefix='', caseStyle='exact', flags=[], opt=off}
execute: Command{action=Command::Complete, file='/home/hugo/git/suckless/dwm/config.def.h', unsavedFile='', dir='', line=142, column=24, prefix='', caseStyle='exact', flags=['-x', 'c'], opt=off}
execute: Command{action=Command::Candidates, file='', unsavedFile='', dir='', line=0, column=0, prefix='', caseStyle='exact', flags=[], opt=off}
